{"D:\\Arquivos Locais\\Peo\\Treinamento\\Driven\\modulo5\\T9\\Semana4\\Projeto\\Drivent4\\src\\app.ts": {"path":"D:\\Arquivos Locais\\Peo\\Treinamento\\Driven\\modulo5\\T9\\Semana4\\Projeto\\Drivent4\\src\\app.ts","statementMap":{"0":{"start":{"line":1,"column":0},"end":{"line":1,"column":26}},"1":{"start":{"line":2,"column":0},"end":{"line":2,"column":30}},"2":{"start":{"line":3,"column":0},"end":{"line":3,"column":43}},"3":{"start":{"line":4,"column":0},"end":{"line":4,"column":24}},"4":{"start":{"line":6,"column":0},"end":{"line":6,"column":60}},"5":{"start":{"line":8,"column":0},"end":{"line":8,"column":10}},"6":{"start":{"line":10,"column":0},"end":{"line":10,"column":56}},"7":{"start":{"line":11,"column":0},"end":{"line":11,"column":null}},"8":{"start":{"line":22,"column":12},"end":{"line":22,"column":21}},"9":{"start":{"line":23,"column":0},"end":{"line":35,"column":32}},"10":{"start":{"line":26,"column":33},"end":{"line":26,"column":48}},"11":{"start":{"line":38,"column":2},"end":{"line":38,"column":14}},"12":{"start":{"line":39,"column":2},"end":{"line":39,"column":30}},"13":{"start":{"line":37,"column":0},"end":{"line":37,"column":16}},"14":{"start":{"line":43,"column":2},"end":{"line":43,"column":23}},"15":{"start":{"line":42,"column":0},"end":{"line":42,"column":7}},"16":{"start":{"line":46,"column":0},"end":{"line":46,"column":19}}},"fnMap":{"0":{"name":"(anonymous_1)","decl":{"start":{"line":26,"column":18},"end":{"line":26,"column":19}},"loc":{"start":{"line":26,"column":33},"end":{"line":26,"column":48}}},"1":{"name":"init","decl":{"start":{"line":37,"column":16},"end":{"line":37,"column":20}},"loc":{"start":{"line":37,"column":20},"end":{"line":40,"column":1}}},"2":{"name":"close","decl":{"start":{"line":42,"column":22},"end":{"line":42,"column":27}},"loc":{"start":{"line":42,"column":27},"end":{"line":44,"column":1}}}},"branchMap":{},"s":{"0":1,"1":1,"2":1,"3":1,"4":1,"5":1,"6":1,"7":1,"8":1,"9":1,"10":0,"11":1,"12":1,"13":1,"14":0,"15":1,"16":1},"f":{"0":0,"1":1,"2":0},"b":{}}
,"D:\\Arquivos Locais\\Peo\\Treinamento\\Driven\\modulo5\\T9\\Semana4\\Projeto\\Drivent4\\src\\config\\database.ts": {"path":"D:\\Arquivos Locais\\Peo\\Treinamento\\Driven\\modulo5\\T9\\Semana4\\Projeto\\Drivent4\\src\\config\\database.ts","statementMap":{"0":{"start":{"line":1,"column":0},"end":{"line":1,"column":46}},"1":{"start":{"line":5,"column":2},"end":{"line":5,"column":30}},"2":{"start":{"line":4,"column":0},"end":{"line":4,"column":16}},"3":{"start":{"line":9,"column":2},"end":{"line":9,"column":30}},"4":{"start":{"line":8,"column":0},"end":{"line":8,"column":7}}},"fnMap":{"0":{"name":"connectDb","decl":{"start":{"line":4,"column":16},"end":{"line":4,"column":25}},"loc":{"start":{"line":4,"column":25},"end":{"line":6,"column":1}}},"1":{"name":"disconnectDB","decl":{"start":{"line":8,"column":22},"end":{"line":8,"column":34}},"loc":{"start":{"line":8,"column":34},"end":{"line":10,"column":1}}}},"branchMap":{},"s":{"0":1,"1":1,"2":1,"3":0,"4":1},"f":{"0":1,"1":0},"b":{}}
,"D:\\Arquivos Locais\\Peo\\Treinamento\\Driven\\modulo5\\T9\\Semana4\\Projeto\\Drivent4\\src\\config\\envs.ts": {"path":"D:\\Arquivos Locais\\Peo\\Treinamento\\Driven\\modulo5\\T9\\Semana4\\Projeto\\Drivent4\\src\\config\\envs.ts","statementMap":{"0":{"start":{"line":1,"column":0},"end":{"line":1,"column":28}},"1":{"start":{"line":2,"column":0},"end":{"line":2,"column":41}},"2":{"start":{"line":6,"column":4},"end":{"line":10,"column":14}},"3":{"start":{"line":12,"column":22},"end":{"line":12,"column":45}},"4":{"start":{"line":13,"column":2},"end":{"line":13,"column":35}},"5":{"start":{"line":4,"column":0},"end":{"line":4,"column":16}}},"fnMap":{"0":{"name":"loadEnv","decl":{"start":{"line":4,"column":16},"end":{"line":4,"column":23}},"loc":{"start":{"line":4,"column":23},"end":{"line":14,"column":1}}}},"branchMap":{"0":{"loc":{"start":{"line":6,"column":4},"end":{"line":10,"column":14}},"type":"cond-expr","locations":[{"start":{"line":7,"column":8},"end":{"line":7,"column":19}},{"start":{"line":8,"column":8},"end":{"line":10,"column":14}}]},"1":{"loc":{"start":{"line":8,"column":8},"end":{"line":10,"column":14}},"type":"cond-expr","locations":[{"start":{"line":9,"column":8},"end":{"line":9,"column":26}},{"start":{"line":10,"column":8},"end":{"line":10,"column":14}}]}},"s":{"0":1,"1":1,"2":2,"3":2,"4":2,"5":1},"f":{"0":2},"b":{"0":[2,0],"1":[0,0]}}
,"D:\\Arquivos Locais\\Peo\\Treinamento\\Driven\\modulo5\\T9\\Semana4\\Projeto\\Drivent4\\src\\config\\index.ts": {"path":"D:\\Arquivos Locais\\Peo\\Treinamento\\Driven\\modulo5\\T9\\Semana4\\Projeto\\Drivent4\\src\\config\\index.ts","statementMap":{"0":{"start":{"line":1,"column":0},"end":{"line":1,"column":23}},"1":{"start":{"line":2,"column":0},"end":{"line":2,"column":27}}},"fnMap":{},"branchMap":{},"s":{"0":1,"1":1},"f":{},"b":{}}
,"D:\\Arquivos Locais\\Peo\\Treinamento\\Driven\\modulo5\\T9\\Semana4\\Projeto\\Drivent4\\src\\controllers\\authentication-controller.ts": {"path":"D:\\Arquivos Locais\\Peo\\Treinamento\\Driven\\modulo5\\T9\\Semana4\\Projeto\\Drivent4\\src\\controllers\\authentication-controller.ts","statementMap":{"0":{"start":{"line":2,"column":0},"end":{"line":2,"column":37}},"1":{"start":{"line":3,"column":0},"end":{"line":3,"column":88}},"2":{"start":{"line":6,"column":30},"end":{"line":6,"column":54}},"3":{"start":{"line":8,"column":2},"end":{"line":14,"column":null}},"4":{"start":{"line":9,"column":19},"end":{"line":9,"column":74}},"5":{"start":{"line":11,"column":4},"end":{"line":11,"column":50}},"6":{"start":{"line":13,"column":4},"end":{"line":13,"column":56}},"7":{"start":{"line":5,"column":0},"end":{"line":5,"column":7}}},"fnMap":{"0":{"name":"singInPost","decl":{"start":{"line":5,"column":22},"end":{"line":5,"column":32}},"loc":{"start":{"line":5,"column":60},"end":{"line":15,"column":1}}}},"branchMap":{},"s":{"0":1,"1":1,"2":0,"3":0,"4":0,"5":0,"6":0,"7":1},"f":{"0":0},"b":{}}
,"D:\\Arquivos Locais\\Peo\\Treinamento\\Driven\\modulo5\\T9\\Semana4\\Projeto\\Drivent4\\src\\controllers\\bookings-controller.ts": {"path":"D:\\Arquivos Locais\\Peo\\Treinamento\\Driven\\modulo5\\T9\\Semana4\\Projeto\\Drivent4\\src\\controllers\\bookings-controller.ts","statementMap":{"0":{"start":{"line":2,"column":0},"end":{"line":2,"column":37}},"1":{"start":{"line":5,"column":0},"end":{"line":5,"column":58}},"2":{"start":{"line":28,"column":17},"end":{"line":28,"column":35}},"3":{"start":{"line":30,"column":17},"end":{"line":30,"column":40}},"4":{"start":{"line":32,"column":2},"end":{"line":50,"column":null}},"5":{"start":{"line":33,"column":20},"end":{"line":33,"column":75}},"6":{"start":{"line":34,"column":22},"end":{"line":34,"column":43}},"7":{"start":{"line":35,"column":4},"end":{"line":35,"column":53}},"8":{"start":{"line":38,"column":4},"end":{"line":49,"column":null}},"9":{"start":{"line":40,"column":8},"end":{"line":40,"column":52}},"10":{"start":{"line":42,"column":8},"end":{"line":42,"column":59}},"11":{"start":{"line":44,"column":8},"end":{"line":44,"column":55}},"12":{"start":{"line":46,"column":8},"end":{"line":46,"column":52}},"13":{"start":{"line":48,"column":8},"end":{"line":48,"column":64}},"14":{"start":{"line":75,"column":0},"end":{"line":79,"column":2}}},"fnMap":{"0":{"name":"getBooking","decl":{"start":{"line":7,"column":15},"end":{"line":7,"column":25}},"loc":{"start":{"line":7,"column":66},"end":{"line":24,"column":1}}},"1":{"name":"createBooking","decl":{"start":{"line":27,"column":15},"end":{"line":27,"column":28}},"loc":{"start":{"line":27,"column":69},"end":{"line":51,"column":1}}},"2":{"name":"changeBooking","decl":{"start":{"line":53,"column":15},"end":{"line":53,"column":28}},"loc":{"start":{"line":53,"column":69},"end":{"line":73,"column":1}}}},"branchMap":{"0":{"loc":{"start":{"line":38,"column":4},"end":{"line":49,"column":null}},"type":"switch","locations":[{"start":{"line":39,"column":6},"end":{"line":40,"column":52}},{"start":{"line":41,"column":6},"end":{"line":42,"column":59}},{"start":{"line":43,"column":6},"end":{"line":44,"column":55}},{"start":{"line":45,"column":6},"end":{"line":46,"column":52}},{"start":{"line":47,"column":6},"end":{"line":48,"column":64}}]}},"s":{"0":1,"1":1,"2":6,"3":6,"4":6,"5":6,"6":1,"7":1,"8":5,"9":1,"10":0,"11":0,"12":4,"13":0,"14":1},"f":{"0":0,"1":6,"2":0},"b":{"0":[1,0,0,4,0]}}
,"D:\\Arquivos Locais\\Peo\\Treinamento\\Driven\\modulo5\\T9\\Semana4\\Projeto\\Drivent4\\src\\controllers\\enrollments-controller.ts": {"path":"D:\\Arquivos Locais\\Peo\\Treinamento\\Driven\\modulo5\\T9\\Semana4\\Projeto\\Drivent4\\src\\controllers\\enrollments-controller.ts","statementMap":{"0":{"start":{"line":2,"column":0},"end":{"line":2,"column":37}},"1":{"start":{"line":4,"column":0},"end":{"line":4,"column":64}},"2":{"start":{"line":7,"column":21},"end":{"line":7,"column":24}},"3":{"start":{"line":9,"column":2},"end":{"line":15,"column":null}},"4":{"start":{"line":10,"column":34},"end":{"line":10,"column":92}},"5":{"start":{"line":12,"column":4},"end":{"line":12,"column":65}},"6":{"start":{"line":14,"column":4},"end":{"line":14,"column":49}},"7":{"start":{"line":6,"column":0},"end":{"line":6,"column":7}},"8":{"start":{"line":19,"column":2},"end":{"line":28,"column":null}},"9":{"start":{"line":20,"column":4},"end":{"line":23,"column":7}},"10":{"start":{"line":25,"column":4},"end":{"line":25,"column":41}},"11":{"start":{"line":27,"column":4},"end":{"line":27,"column":50}},"12":{"start":{"line":18,"column":0},"end":{"line":18,"column":7}},"13":{"start":{"line":32,"column":18},"end":{"line":32,"column":53}},"14":{"start":{"line":34,"column":2},"end":{"line":41,"column":null}},"15":{"start":{"line":35,"column":20},"end":{"line":35,"column":67}},"16":{"start":{"line":36,"column":4},"end":{"line":36,"column":44}},"17":{"start":{"line":38,"column":4},"end":{"line":40,"column":null}},"18":{"start":{"line":39,"column":6},"end":{"line":39,"column":45}},"19":{"start":{"line":31,"column":0},"end":{"line":31,"column":7}}},"fnMap":{"0":{"name":"getEnrollmentByUser","decl":{"start":{"line":6,"column":22},"end":{"line":6,"column":41}},"loc":{"start":{"line":6,"column":82},"end":{"line":16,"column":1}}},"1":{"name":"postCreateOrUpdateEnrollment","decl":{"start":{"line":18,"column":22},"end":{"line":18,"column":50}},"loc":{"start":{"line":18,"column":91},"end":{"line":29,"column":1}}},"2":{"name":"getAddressFromCEP","decl":{"start":{"line":31,"column":22},"end":{"line":31,"column":39}},"loc":{"start":{"line":31,"column":80},"end":{"line":42,"column":1}}}},"branchMap":{"0":{"loc":{"start":{"line":38,"column":4},"end":{"line":40,"column":null}},"type":"if","locations":[{"start":{"line":38,"column":4},"end":{"line":40,"column":null}}]}},"s":{"0":1,"1":1,"2":0,"3":0,"4":0,"5":0,"6":0,"7":1,"8":0,"9":0,"10":0,"11":0,"12":1,"13":0,"14":0,"15":0,"16":0,"17":0,"18":0,"19":1},"f":{"0":0,"1":0,"2":0},"b":{"0":[0]}}
,"D:\\Arquivos Locais\\Peo\\Treinamento\\Driven\\modulo5\\T9\\Semana4\\Projeto\\Drivent4\\src\\controllers\\events-controller.ts": {"path":"D:\\Arquivos Locais\\Peo\\Treinamento\\Driven\\modulo5\\T9\\Semana4\\Projeto\\Drivent4\\src\\controllers\\events-controller.ts","statementMap":{"0":{"start":{"line":2,"column":0},"end":{"line":2,"column":37}},"1":{"start":{"line":3,"column":0},"end":{"line":3,"column":54}},"2":{"start":{"line":6,"column":2},"end":{"line":11,"column":null}},"3":{"start":{"line":7,"column":18},"end":{"line":7,"column":53}},"4":{"start":{"line":8,"column":4},"end":{"line":8,"column":49}},"5":{"start":{"line":10,"column":4},"end":{"line":10,"column":53}},"6":{"start":{"line":5,"column":0},"end":{"line":5,"column":7}}},"fnMap":{"0":{"name":"getDefaultEvent","decl":{"start":{"line":5,"column":22},"end":{"line":5,"column":37}},"loc":{"start":{"line":5,"column":66},"end":{"line":12,"column":1}}}},"branchMap":{},"s":{"0":1,"1":1,"2":0,"3":0,"4":0,"5":0,"6":1},"f":{"0":0},"b":{}}
,"D:\\Arquivos Locais\\Peo\\Treinamento\\Driven\\modulo5\\T9\\Semana4\\Projeto\\Drivent4\\src\\controllers\\hotels-controller.ts": {"path":"D:\\Arquivos Locais\\Peo\\Treinamento\\Driven\\modulo5\\T9\\Semana4\\Projeto\\Drivent4\\src\\controllers\\hotels-controller.ts","statementMap":{"0":{"start":{"line":2,"column":0},"end":{"line":2,"column":37}},"1":{"start":{"line":5,"column":0},"end":{"line":5,"column":54}},"2":{"start":{"line":9,"column":17},"end":{"line":9,"column":35}},"3":{"start":{"line":11,"column":2},"end":{"line":27,"column":null}},"4":{"start":{"line":13,"column":19},"end":{"line":13,"column":56}},"5":{"start":{"line":14,"column":4},"end":{"line":14,"column":50}},"6":{"start":{"line":17,"column":4},"end":{"line":26,"column":null}},"7":{"start":{"line":19,"column":8},"end":{"line":19,"column":52}},"8":{"start":{"line":21,"column":8},"end":{"line":21,"column":59}},"9":{"start":{"line":23,"column":10},"end":{"line":23,"column":57}},"10":{"start":{"line":25,"column":8},"end":{"line":25,"column":64}},"11":{"start":{"line":31,"column":17},"end":{"line":31,"column":35}},"12":{"start":{"line":33,"column":18},"end":{"line":33,"column":44}},"13":{"start":{"line":35,"column":2},"end":{"line":52,"column":null}},"14":{"start":{"line":36,"column":24},"end":{"line":36,"column":74}},"15":{"start":{"line":38,"column":4},"end":{"line":38,"column":55}},"16":{"start":{"line":42,"column":4},"end":{"line":51,"column":null}},"17":{"start":{"line":44,"column":8},"end":{"line":44,"column":52}},"18":{"start":{"line":46,"column":8},"end":{"line":46,"column":59}},"19":{"start":{"line":48,"column":10},"end":{"line":48,"column":57}},"20":{"start":{"line":50,"column":8},"end":{"line":50,"column":64}},"21":{"start":{"line":55,"column":0},"end":{"line":58,"column":2}}},"fnMap":{"0":{"name":"getHotels","decl":{"start":{"line":8,"column":15},"end":{"line":8,"column":24}},"loc":{"start":{"line":8,"column":65},"end":{"line":28,"column":1}}},"1":{"name":"getRoomsHotel","decl":{"start":{"line":30,"column":15},"end":{"line":30,"column":28}},"loc":{"start":{"line":30,"column":69},"end":{"line":53,"column":1}}}},"branchMap":{"0":{"loc":{"start":{"line":17,"column":4},"end":{"line":26,"column":null}},"type":"switch","locations":[{"start":{"line":18,"column":6},"end":{"line":19,"column":52}},{"start":{"line":20,"column":6},"end":{"line":21,"column":59}},{"start":{"line":22,"column":6},"end":{"line":23,"column":57}},{"start":{"line":24,"column":6},"end":{"line":25,"column":64}}]},"1":{"loc":{"start":{"line":42,"column":4},"end":{"line":51,"column":null}},"type":"switch","locations":[{"start":{"line":43,"column":6},"end":{"line":44,"column":52}},{"start":{"line":45,"column":6},"end":{"line":46,"column":59}},{"start":{"line":47,"column":6},"end":{"line":48,"column":57}},{"start":{"line":49,"column":6},"end":{"line":50,"column":64}}]}},"s":{"0":1,"1":1,"2":0,"3":0,"4":0,"5":0,"6":0,"7":0,"8":0,"9":0,"10":0,"11":0,"12":0,"13":0,"14":0,"15":0,"16":0,"17":0,"18":0,"19":0,"20":0,"21":1},"f":{"0":0,"1":0},"b":{"0":[0,0,0,0],"1":[0,0,0,0]}}
,"D:\\Arquivos Locais\\Peo\\Treinamento\\Driven\\modulo5\\T9\\Semana4\\Projeto\\Drivent4\\src\\controllers\\index.ts": {"path":"D:\\Arquivos Locais\\Peo\\Treinamento\\Driven\\modulo5\\T9\\Semana4\\Projeto\\Drivent4\\src\\controllers\\index.ts","statementMap":{"0":{"start":{"line":1,"column":0},"end":{"line":1,"column":35}},"1":{"start":{"line":2,"column":0},"end":{"line":2,"column":44}},"2":{"start":{"line":3,"column":0},"end":{"line":3,"column":36}},"3":{"start":{"line":4,"column":0},"end":{"line":4,"column":41}},"4":{"start":{"line":5,"column":0},"end":{"line":5,"column":37}},"5":{"start":{"line":6,"column":0},"end":{"line":6,"column":38}},"6":{"start":{"line":7,"column":0},"end":{"line":7,"column":36}},"7":{"start":{"line":8,"column":0},"end":{"line":8,"column":38}}},"fnMap":{},"branchMap":{},"s":{"0":1,"1":1,"2":1,"3":1,"4":1,"5":1,"6":1,"7":1},"f":{},"b":{}}
,"D:\\Arquivos Locais\\Peo\\Treinamento\\Driven\\modulo5\\T9\\Semana4\\Projeto\\Drivent4\\src\\controllers\\payments-controller.ts": {"path":"D:\\Arquivos Locais\\Peo\\Treinamento\\Driven\\modulo5\\T9\\Semana4\\Projeto\\Drivent4\\src\\controllers\\payments-controller.ts","statementMap":{"0":{"start":{"line":3,"column":0},"end":{"line":3,"column":37}},"1":{"start":{"line":5,"column":0},"end":{"line":5,"column":58}},"2":{"start":{"line":9,"column":2},"end":{"line":35,"column":null}},"3":{"start":{"line":11,"column":19},"end":{"line":11,"column":37}},"4":{"start":{"line":13,"column":34},"end":{"line":13,"column":58}},"5":{"start":{"line":16,"column":4},"end":{"line":18,"column":null}},"6":{"start":{"line":17,"column":6},"end":{"line":17,"column":52}},"7":{"start":{"line":20,"column":26},"end":{"line":20,"column":97}},"8":{"start":{"line":22,"column":4},"end":{"line":22,"column":null}},"9":{"start":{"line":24,"column":4},"end":{"line":33,"column":null}},"10":{"start":{"line":26,"column":8},"end":{"line":26,"column":52}},"11":{"start":{"line":28,"column":8},"end":{"line":28,"column":54}},"12":{"start":{"line":30,"column":8},"end":{"line":30,"column":55}},"13":{"start":{"line":32,"column":8},"end":{"line":32,"column":64}},"14":{"start":{"line":39,"column":2},"end":{"line":65,"column":null}},"15":{"start":{"line":41,"column":19},"end":{"line":41,"column":37}},"16":{"start":{"line":43,"column":21},"end":{"line":43,"column":47}},"17":{"start":{"line":46,"column":4},"end":{"line":48,"column":null}},"18":{"start":{"line":47,"column":6},"end":{"line":47,"column":52}},"19":{"start":{"line":50,"column":20},"end":{"line":50,"column":78}},"20":{"start":{"line":52,"column":4},"end":{"line":52,"column":null}},"21":{"start":{"line":54,"column":4},"end":{"line":63,"column":null}},"22":{"start":{"line":56,"column":8},"end":{"line":56,"column":52}},"23":{"start":{"line":58,"column":8},"end":{"line":58,"column":54}},"24":{"start":{"line":60,"column":8},"end":{"line":60,"column":55}},"25":{"start":{"line":62,"column":8},"end":{"line":62,"column":64}},"26":{"start":{"line":38,"column":0},"end":{"line":38,"column":7}},"27":{"start":{"line":68,"column":0},"end":{"line":71,"column":2}}},"fnMap":{"0":{"name":"createPaymentProcess","decl":{"start":{"line":7,"column":15},"end":{"line":7,"column":35}},"loc":{"start":{"line":7,"column":76},"end":{"line":36,"column":1}}},"1":{"name":"getPaymentsProcess","decl":{"start":{"line":38,"column":22},"end":{"line":38,"column":40}},"loc":{"start":{"line":38,"column":81},"end":{"line":66,"column":1}}}},"branchMap":{"0":{"loc":{"start":{"line":16,"column":4},"end":{"line":18,"column":null}},"type":"if","locations":[{"start":{"line":16,"column":4},"end":{"line":18,"column":null}}]},"1":{"loc":{"start":{"line":16,"column":8},"end":{"line":16,"column":30}},"type":"binary-expr","locations":[{"start":{"line":16,"column":8},"end":{"line":16,"column":17}},{"start":{"line":16,"column":21},"end":{"line":16,"column":30}}]},"2":{"loc":{"start":{"line":24,"column":4},"end":{"line":33,"column":null}},"type":"switch","locations":[{"start":{"line":25,"column":6},"end":{"line":26,"column":52}},{"start":{"line":27,"column":6},"end":{"line":28,"column":54}},{"start":{"line":29,"column":6},"end":{"line":30,"column":55}},{"start":{"line":31,"column":6},"end":{"line":32,"column":64}}]},"3":{"loc":{"start":{"line":46,"column":4},"end":{"line":48,"column":null}},"type":"if","locations":[{"start":{"line":46,"column":4},"end":{"line":48,"column":null}}]},"4":{"loc":{"start":{"line":54,"column":4},"end":{"line":63,"column":null}},"type":"switch","locations":[{"start":{"line":55,"column":6},"end":{"line":56,"column":52}},{"start":{"line":57,"column":6},"end":{"line":58,"column":54}},{"start":{"line":59,"column":6},"end":{"line":60,"column":55}},{"start":{"line":61,"column":6},"end":{"line":62,"column":64}}]}},"s":{"0":1,"1":1,"2":0,"3":0,"4":0,"5":0,"6":0,"7":0,"8":0,"9":0,"10":0,"11":0,"12":0,"13":0,"14":0,"15":0,"16":0,"17":0,"18":0,"19":0,"20":0,"21":0,"22":0,"23":0,"24":0,"25":0,"26":1,"27":1},"f":{"0":0,"1":0},"b":{"0":[0],"1":[0,0],"2":[0,0,0,0],"3":[0],"4":[0,0,0,0]}}
,"D:\\Arquivos Locais\\Peo\\Treinamento\\Driven\\modulo5\\T9\\Semana4\\Projeto\\Drivent4\\src\\controllers\\tickets-controller.ts": {"path":"D:\\Arquivos Locais\\Peo\\Treinamento\\Driven\\modulo5\\T9\\Semana4\\Projeto\\Drivent4\\src\\controllers\\tickets-controller.ts","statementMap":{"0":{"start":{"line":2,"column":0},"end":{"line":2,"column":37}},"1":{"start":{"line":3,"column":0},"end":{"line":3,"column":56}},"2":{"start":{"line":9,"column":2},"end":{"line":15,"column":null}},"3":{"start":{"line":10,"column":24},"end":{"line":10,"column":61}},"4":{"start":{"line":12,"column":4},"end":{"line":12,"column":55}},"5":{"start":{"line":14,"column":4},"end":{"line":14,"column":43}},"6":{"start":{"line":7,"column":0},"end":{"line":7,"column":7}},"7":{"start":{"line":21,"column":23},"end":{"line":21,"column":52}},"8":{"start":{"line":23,"column":17},"end":{"line":23,"column":27}},"9":{"start":{"line":25,"column":2},"end":{"line":40,"column":null}},"10":{"start":{"line":26,"column":19},"end":{"line":26,"column":73}},"11":{"start":{"line":27,"column":4},"end":{"line":27,"column":55}},"12":{"start":{"line":29,"column":4},"end":{"line":29,"column":25}},"13":{"start":{"line":32,"column":4},"end":{"line":39,"column":null}},"14":{"start":{"line":35,"column":8},"end":{"line":35,"column":52}},"15":{"start":{"line":36,"column":8},"end":{"line":36,"column":14}},"16":{"start":{"line":37,"column":8},"end":{"line":37,"column":76}},"17":{"start":{"line":37,"column":20},"end":{"line":37,"column":76}},"18":{"start":{"line":38,"column":8},"end":{"line":38,"column":14}},"19":{"start":{"line":18,"column":0},"end":{"line":18,"column":7}},"20":{"start":{"line":46,"column":17},"end":{"line":46,"column":27}},"21":{"start":{"line":48,"column":2},"end":{"line":60,"column":null}},"22":{"start":{"line":49,"column":26},"end":{"line":49,"column":70}},"23":{"start":{"line":50,"column":4},"end":{"line":50,"column":57}},"24":{"start":{"line":54,"column":4},"end":{"line":59,"column":null}},"25":{"start":{"line":56,"column":8},"end":{"line":56,"column":52}},"26":{"start":{"line":58,"column":8},"end":{"line":58,"column":64}},"27":{"start":{"line":43,"column":0},"end":{"line":43,"column":7}}},"fnMap":{"0":{"name":"getTicketsType","decl":{"start":{"line":7,"column":22},"end":{"line":7,"column":36}},"loc":{"start":{"line":7,"column":77},"end":{"line":16,"column":1}}},"1":{"name":"createTiket","decl":{"start":{"line":18,"column":22},"end":{"line":18,"column":33}},"loc":{"start":{"line":18,"column":74},"end":{"line":41,"column":1}}},"2":{"name":"getTiketsByUser","decl":{"start":{"line":43,"column":22},"end":{"line":43,"column":37}},"loc":{"start":{"line":43,"column":78},"end":{"line":61,"column":1}}}},"branchMap":{"0":{"loc":{"start":{"line":32,"column":4},"end":{"line":39,"column":null}},"type":"switch","locations":[{"start":{"line":33,"column":6},"end":{"line":38,"column":14}}]},"1":{"loc":{"start":{"line":54,"column":4},"end":{"line":59,"column":null}},"type":"switch","locations":[{"start":{"line":55,"column":6},"end":{"line":56,"column":52}},{"start":{"line":57,"column":6},"end":{"line":58,"column":64}}]}},"s":{"0":1,"1":1,"2":0,"3":0,"4":0,"5":0,"6":1,"7":0,"8":0,"9":0,"10":0,"11":0,"12":0,"13":0,"14":0,"15":0,"16":0,"17":0,"18":0,"19":1,"20":0,"21":0,"22":0,"23":0,"24":0,"25":0,"26":0,"27":1},"f":{"0":0,"1":0,"2":0},"b":{"0":[0],"1":[0,0]}}
,"D:\\Arquivos Locais\\Peo\\Treinamento\\Driven\\modulo5\\T9\\Semana4\\Projeto\\Drivent4\\src\\controllers\\users-controller.ts": {"path":"D:\\Arquivos Locais\\Peo\\Treinamento\\Driven\\modulo5\\T9\\Semana4\\Projeto\\Drivent4\\src\\controllers\\users-controller.ts","statementMap":{"0":{"start":{"line":2,"column":0},"end":{"line":2,"column":37}},"1":{"start":{"line":3,"column":0},"end":{"line":3,"column":51}},"2":{"start":{"line":6,"column":30},"end":{"line":6,"column":38}},"3":{"start":{"line":8,"column":2},"end":{"line":19,"column":null}},"4":{"start":{"line":9,"column":17},"end":{"line":9,"column":66}},"5":{"start":{"line":10,"column":4},"end":{"line":13,"column":7}},"6":{"start":{"line":15,"column":4},"end":{"line":17,"column":null}},"7":{"start":{"line":16,"column":6},"end":{"line":16,"column":57}},"8":{"start":{"line":18,"column":4},"end":{"line":18,"column":58}},"9":{"start":{"line":5,"column":0},"end":{"line":5,"column":7}}},"fnMap":{"0":{"name":"usersPost","decl":{"start":{"line":5,"column":22},"end":{"line":5,"column":31}},"loc":{"start":{"line":5,"column":59},"end":{"line":20,"column":1}}}},"branchMap":{"0":{"loc":{"start":{"line":15,"column":4},"end":{"line":17,"column":null}},"type":"if","locations":[{"start":{"line":15,"column":4},"end":{"line":17,"column":null}}]}},"s":{"0":1,"1":1,"2":0,"3":0,"4":0,"5":0,"6":0,"7":0,"8":0,"9":1},"f":{"0":0},"b":{"0":[0]}}
,"D:\\Arquivos Locais\\Peo\\Treinamento\\Driven\\modulo5\\T9\\Semana4\\Projeto\\Drivent4\\src\\errors\\bad-request-error.ts": {"path":"D:\\Arquivos Locais\\Peo\\Treinamento\\Driven\\modulo5\\T9\\Semana4\\Projeto\\Drivent4\\src\\errors\\bad-request-error.ts","statementMap":{"0":{"start":{"line":4,"column":2},"end":{"line":7,"column":4}},"1":{"start":{"line":3,"column":0},"end":{"line":3,"column":16}}},"fnMap":{"0":{"name":"badRequestError","decl":{"start":{"line":3,"column":16},"end":{"line":3,"column":31}},"loc":{"start":{"line":3,"column":31},"end":{"line":8,"column":1}}}},"branchMap":{},"s":{"0":0,"1":1},"f":{"0":0},"b":{}}
,"D:\\Arquivos Locais\\Peo\\Treinamento\\Driven\\modulo5\\T9\\Semana4\\Projeto\\Drivent4\\src\\errors\\cannot-enroll-before-start-date-error.ts": {"path":"D:\\Arquivos Locais\\Peo\\Treinamento\\Driven\\modulo5\\T9\\Semana4\\Projeto\\Drivent4\\src\\errors\\cannot-enroll-before-start-date-error.ts","statementMap":{"0":{"start":{"line":4,"column":2},"end":{"line":7,"column":4}},"1":{"start":{"line":3,"column":0},"end":{"line":3,"column":16}}},"fnMap":{"0":{"name":"cannotEnrollBeforeStartDateError","decl":{"start":{"line":3,"column":16},"end":{"line":3,"column":48}},"loc":{"start":{"line":3,"column":48},"end":{"line":8,"column":1}}}},"branchMap":{},"s":{"0":0,"1":1},"f":{"0":0},"b":{}}
,"D:\\Arquivos Locais\\Peo\\Treinamento\\Driven\\modulo5\\T9\\Semana4\\Projeto\\Drivent4\\src\\errors\\conflict-error.ts": {"path":"D:\\Arquivos Locais\\Peo\\Treinamento\\Driven\\modulo5\\T9\\Semana4\\Projeto\\Drivent4\\src\\errors\\conflict-error.ts","statementMap":{"0":{"start":{"line":4,"column":2},"end":{"line":7,"column":4}},"1":{"start":{"line":3,"column":0},"end":{"line":3,"column":16}}},"fnMap":{"0":{"name":"conflictError","decl":{"start":{"line":3,"column":16},"end":{"line":3,"column":29}},"loc":{"start":{"line":3,"column":45},"end":{"line":8,"column":1}}}},"branchMap":{},"s":{"0":0,"1":1},"f":{"0":0},"b":{}}
,"D:\\Arquivos Locais\\Peo\\Treinamento\\Driven\\modulo5\\T9\\Semana4\\Projeto\\Drivent4\\src\\errors\\forbidden-error.ts": {"path":"D:\\Arquivos Locais\\Peo\\Treinamento\\Driven\\modulo5\\T9\\Semana4\\Projeto\\Drivent4\\src\\errors\\forbidden-error.ts","statementMap":{"0":{"start":{"line":4,"column":2},"end":{"line":7,"column":4}},"1":{"start":{"line":3,"column":0},"end":{"line":3,"column":16}}},"fnMap":{"0":{"name":"forbiddenError","decl":{"start":{"line":3,"column":16},"end":{"line":3,"column":30}},"loc":{"start":{"line":3,"column":30},"end":{"line":8,"column":1}}}},"branchMap":{},"s":{"0":0,"1":1},"f":{"0":0},"b":{}}
,"D:\\Arquivos Locais\\Peo\\Treinamento\\Driven\\modulo5\\T9\\Semana4\\Projeto\\Drivent4\\src\\errors\\index.ts": {"path":"D:\\Arquivos Locais\\Peo\\Treinamento\\Driven\\modulo5\\T9\\Semana4\\Projeto\\Drivent4\\src\\errors\\index.ts","statementMap":{"0":{"start":{"line":1,"column":0},"end":{"line":1,"column":56}},"1":{"start":{"line":2,"column":0},"end":{"line":2,"column":33}},"2":{"start":{"line":3,"column":0},"end":{"line":3,"column":37}},"3":{"start":{"line":4,"column":0},"end":{"line":4,"column":38}},"4":{"start":{"line":5,"column":0},"end":{"line":5,"column":34}},"5":{"start":{"line":6,"column":0},"end":{"line":6,"column":37}},"6":{"start":{"line":7,"column":0},"end":{"line":7,"column":32}},"7":{"start":{"line":8,"column":0},"end":{"line":8,"column":36}},"8":{"start":{"line":9,"column":0},"end":{"line":9,"column":41}},"9":{"start":{"line":10,"column":0},"end":{"line":10,"column":34}}},"fnMap":{},"branchMap":{},"s":{"0":1,"1":1,"2":1,"3":1,"4":1,"5":1,"6":1,"7":1,"8":1,"9":1},"f":{},"b":{}}
,"D:\\Arquivos Locais\\Peo\\Treinamento\\Driven\\modulo5\\T9\\Semana4\\Projeto\\Drivent4\\src\\errors\\invalid-data-error.ts": {"path":"D:\\Arquivos Locais\\Peo\\Treinamento\\Driven\\modulo5\\T9\\Semana4\\Projeto\\Drivent4\\src\\errors\\invalid-data-error.ts","statementMap":{"0":{"start":{"line":4,"column":2},"end":{"line":8,"column":4}},"1":{"start":{"line":3,"column":0},"end":{"line":3,"column":16}}},"fnMap":{"0":{"name":"invalidDataError","decl":{"start":{"line":3,"column":16},"end":{"line":3,"column":32}},"loc":{"start":{"line":3,"column":50},"end":{"line":9,"column":1}}}},"branchMap":{},"s":{"0":0,"1":1},"f":{"0":0},"b":{}}
,"D:\\Arquivos Locais\\Peo\\Treinamento\\Driven\\modulo5\\T9\\Semana4\\Projeto\\Drivent4\\src\\errors\\invalid-email-error.ts": {"path":"D:\\Arquivos Locais\\Peo\\Treinamento\\Driven\\modulo5\\T9\\Semana4\\Projeto\\Drivent4\\src\\errors\\invalid-email-error.ts","statementMap":{"0":{"start":{"line":4,"column":2},"end":{"line":8,"column":4}},"1":{"start":{"line":3,"column":0},"end":{"line":3,"column":16}}},"fnMap":{"0":{"name":"invalidEmailError","decl":{"start":{"line":3,"column":16},"end":{"line":3,"column":33}},"loc":{"start":{"line":3,"column":47},"end":{"line":9,"column":1}}}},"branchMap":{},"s":{"0":0,"1":1},"f":{"0":0},"b":{}}
,"D:\\Arquivos Locais\\Peo\\Treinamento\\Driven\\modulo5\\T9\\Semana4\\Projeto\\Drivent4\\src\\errors\\not-found-error.ts": {"path":"D:\\Arquivos Locais\\Peo\\Treinamento\\Driven\\modulo5\\T9\\Semana4\\Projeto\\Drivent4\\src\\errors\\not-found-error.ts","statementMap":{"0":{"start":{"line":4,"column":2},"end":{"line":7,"column":4}},"1":{"start":{"line":3,"column":0},"end":{"line":3,"column":16}}},"fnMap":{"0":{"name":"notFoundError","decl":{"start":{"line":3,"column":16},"end":{"line":3,"column":29}},"loc":{"start":{"line":3,"column":29},"end":{"line":8,"column":1}}}},"branchMap":{},"s":{"0":0,"1":1},"f":{"0":0},"b":{}}
,"D:\\Arquivos Locais\\Peo\\Treinamento\\Driven\\modulo5\\T9\\Semana4\\Projeto\\Drivent4\\src\\errors\\payment-required-error.ts": {"path":"D:\\Arquivos Locais\\Peo\\Treinamento\\Driven\\modulo5\\T9\\Semana4\\Projeto\\Drivent4\\src\\errors\\payment-required-error.ts","statementMap":{"0":{"start":{"line":4,"column":2},"end":{"line":7,"column":4}},"1":{"start":{"line":3,"column":0},"end":{"line":3,"column":16}}},"fnMap":{"0":{"name":"paymentNotFound","decl":{"start":{"line":3,"column":16},"end":{"line":3,"column":31}},"loc":{"start":{"line":3,"column":31},"end":{"line":8,"column":1}}}},"branchMap":{},"s":{"0":0,"1":1},"f":{"0":0},"b":{}}
,"D:\\Arquivos Locais\\Peo\\Treinamento\\Driven\\modulo5\\T9\\Semana4\\Projeto\\Drivent4\\src\\errors\\request-error.ts": {"path":"D:\\Arquivos Locais\\Peo\\Treinamento\\Driven\\modulo5\\T9\\Semana4\\Projeto\\Drivent4\\src\\errors\\request-error.ts","statementMap":{"0":{"start":{"line":4,"column":2},"end":{"line":10,"column":4}},"1":{"start":{"line":3,"column":0},"end":{"line":3,"column":16}}},"fnMap":{"0":{"name":"requestError","decl":{"start":{"line":3,"column":16},"end":{"line":3,"column":28}},"loc":{"start":{"line":3,"column":63},"end":{"line":11,"column":1}}}},"branchMap":{},"s":{"0":0,"1":1},"f":{"0":0},"b":{}}
,"D:\\Arquivos Locais\\Peo\\Treinamento\\Driven\\modulo5\\T9\\Semana4\\Projeto\\Drivent4\\src\\errors\\unauthorized-error.ts": {"path":"D:\\Arquivos Locais\\Peo\\Treinamento\\Driven\\modulo5\\T9\\Semana4\\Projeto\\Drivent4\\src\\errors\\unauthorized-error.ts","statementMap":{"0":{"start":{"line":4,"column":2},"end":{"line":7,"column":4}},"1":{"start":{"line":3,"column":0},"end":{"line":3,"column":16}}},"fnMap":{"0":{"name":"unauthorizedError","decl":{"start":{"line":3,"column":16},"end":{"line":3,"column":33}},"loc":{"start":{"line":3,"column":33},"end":{"line":8,"column":1}}}},"branchMap":{},"s":{"0":3,"1":1},"f":{"0":3},"b":{}}
,"D:\\Arquivos Locais\\Peo\\Treinamento\\Driven\\modulo5\\T9\\Semana4\\Projeto\\Drivent4\\src\\middlewares\\authentication-middleware.ts": {"path":"D:\\Arquivos Locais\\Peo\\Treinamento\\Driven\\modulo5\\T9\\Semana4\\Projeto\\Drivent4\\src\\middlewares\\authentication-middleware.ts","statementMap":{"0":{"start":{"line":2,"column":0},"end":{"line":2,"column":37}},"1":{"start":{"line":3,"column":0},"end":{"line":3,"column":36}},"2":{"start":{"line":5,"column":0},"end":{"line":5,"column":45}},"3":{"start":{"line":6,"column":0},"end":{"line":6,"column":34}},"4":{"start":{"line":9,"column":21},"end":{"line":9,"column":48}},"5":{"start":{"line":10,"column":2},"end":{"line":10,"column":60}},"6":{"start":{"line":10,"column":19},"end":{"line":10,"column":60}},"7":{"start":{"line":12,"column":16},"end":{"line":12,"column":40}},"8":{"start":{"line":13,"column":2},"end":{"line":13,"column":55}},"9":{"start":{"line":13,"column":14},"end":{"line":13,"column":55}},"10":{"start":{"line":15,"column":2},"end":{"line":30,"column":null}},"11":{"start":{"line":16,"column":23},"end":{"line":16,"column":78}},"12":{"start":{"line":18,"column":20},"end":{"line":22,"column":6}},"13":{"start":{"line":23,"column":4},"end":{"line":23,"column":59}},"14":{"start":{"line":23,"column":18},"end":{"line":23,"column":59}},"15":{"start":{"line":25,"column":4},"end":{"line":25,"column":24}},"16":{"start":{"line":27,"column":4},"end":{"line":27,"column":18}},"17":{"start":{"line":29,"column":4},"end":{"line":29,"column":45}},"18":{"start":{"line":8,"column":0},"end":{"line":8,"column":7}},"19":{"start":{"line":34,"column":2},"end":{"line":34,"column":64}}},"fnMap":{"0":{"name":"authenticateToken","decl":{"start":{"line":8,"column":22},"end":{"line":8,"column":39}},"loc":{"start":{"line":8,"column":100},"end":{"line":31,"column":1}}},"1":{"name":"generateUnauthorizedResponse","decl":{"start":{"line":33,"column":9},"end":{"line":33,"column":37}},"loc":{"start":{"line":33,"column":51},"end":{"line":35,"column":1}}}},"branchMap":{"0":{"loc":{"start":{"line":10,"column":2},"end":{"line":10,"column":60}},"type":"if","locations":[{"start":{"line":10,"column":2},"end":{"line":10,"column":60}}]},"1":{"loc":{"start":{"line":13,"column":2},"end":{"line":13,"column":55}},"type":"if","locations":[{"start":{"line":13,"column":2},"end":{"line":13,"column":55}}]},"2":{"loc":{"start":{"line":23,"column":4},"end":{"line":23,"column":59}},"type":"if","locations":[{"start":{"line":23,"column":4},"end":{"line":23,"column":59}}]}},"s":{"0":1,"1":1,"2":1,"3":1,"4":9,"5":9,"6":1,"7":8,"8":8,"9":0,"10":8,"11":8,"12":7,"13":7,"14":1,"15":6,"16":6,"17":1,"18":1,"19":3},"f":{"0":9,"1":3},"b":{"0":[1],"1":[0],"2":[1]}}
,"D:\\Arquivos Locais\\Peo\\Treinamento\\Driven\\modulo5\\T9\\Semana4\\Projeto\\Drivent4\\src\\middlewares\\error-handling-middleware.ts": {"path":"D:\\Arquivos Locais\\Peo\\Treinamento\\Driven\\modulo5\\T9\\Semana4\\Projeto\\Drivent4\\src\\middlewares\\error-handling-middleware.ts","statementMap":{"0":{"start":{"line":2,"column":0},"end":{"line":2,"column":37}},"1":{"start":{"line":11,"column":2},"end":{"line":15,"column":null}},"2":{"start":{"line":12,"column":4},"end":{"line":14,"column":7}},"3":{"start":{"line":17,"column":2},"end":{"line":21,"column":null}},"4":{"start":{"line":18,"column":4},"end":{"line":20,"column":7}},"5":{"start":{"line":23,"column":2},"end":{"line":27,"column":null}},"6":{"start":{"line":24,"column":4},"end":{"line":26,"column":7}},"7":{"start":{"line":29,"column":2},"end":{"line":33,"column":null}},"8":{"start":{"line":30,"column":4},"end":{"line":32,"column":7}},"9":{"start":{"line":35,"column":2},"end":{"line":40,"column":null}},"10":{"start":{"line":36,"column":4},"end":{"line":39,"column":7}},"11":{"start":{"line":42,"column":2},"end":{"line":44,"column":null}},"12":{"start":{"line":43,"column":4},"end":{"line":43,"column":46}},"13":{"start":{"line":47,"column":2},"end":{"line":47,"column":26}},"14":{"start":{"line":48,"column":2},"end":{"line":51,"column":5}},"15":{"start":{"line":5,"column":0},"end":{"line":5,"column":16}}},"fnMap":{"0":{"name":"handleApplicationErrors","decl":{"start":{"line":5,"column":16},"end":{"line":5,"column":39}},"loc":{"start":{"line":9,"column":21},"end":{"line":52,"column":1}}}},"branchMap":{"0":{"loc":{"start":{"line":11,"column":2},"end":{"line":15,"column":null}},"type":"if","locations":[{"start":{"line":11,"column":2},"end":{"line":15,"column":null}}]},"1":{"loc":{"start":{"line":17,"column":2},"end":{"line":21,"column":null}},"type":"if","locations":[{"start":{"line":17,"column":2},"end":{"line":21,"column":null}}]},"2":{"loc":{"start":{"line":17,"column":6},"end":{"line":17,"column":73}},"type":"binary-expr","locations":[{"start":{"line":17,"column":6},"end":{"line":17,"column":34}},{"start":{"line":17,"column":38},"end":{"line":17,"column":73}}]},"3":{"loc":{"start":{"line":23,"column":2},"end":{"line":27,"column":null}},"type":"if","locations":[{"start":{"line":23,"column":2},"end":{"line":27,"column":null}}]},"4":{"loc":{"start":{"line":29,"column":2},"end":{"line":33,"column":null}},"type":"if","locations":[{"start":{"line":29,"column":2},"end":{"line":33,"column":null}}]},"5":{"loc":{"start":{"line":35,"column":2},"end":{"line":40,"column":null}},"type":"if","locations":[{"start":{"line":35,"column":2},"end":{"line":40,"column":null}}]},"6":{"loc":{"start":{"line":42,"column":2},"end":{"line":44,"column":null}},"type":"if","locations":[{"start":{"line":42,"column":2},"end":{"line":44,"column":null}}]}},"s":{"0":1,"1":0,"2":0,"3":0,"4":0,"5":0,"6":0,"7":0,"8":0,"9":0,"10":0,"11":0,"12":0,"13":0,"14":0,"15":1},"f":{"0":0},"b":{"0":[0],"1":[0],"2":[0,0],"3":[0],"4":[0],"5":[0],"6":[0]}}
,"D:\\Arquivos Locais\\Peo\\Treinamento\\Driven\\modulo5\\T9\\Semana4\\Projeto\\Drivent4\\src\\middlewares\\index.ts": {"path":"D:\\Arquivos Locais\\Peo\\Treinamento\\Driven\\modulo5\\T9\\Semana4\\Projeto\\Drivent4\\src\\middlewares\\index.ts","statementMap":{"0":{"start":{"line":1,"column":0},"end":{"line":1,"column":44}},"1":{"start":{"line":2,"column":0},"end":{"line":2,"column":40}},"2":{"start":{"line":3,"column":0},"end":{"line":3,"column":44}}},"fnMap":{},"branchMap":{},"s":{"0":1,"1":1,"2":1},"f":{},"b":{}}
,"D:\\Arquivos Locais\\Peo\\Treinamento\\Driven\\modulo5\\T9\\Semana4\\Projeto\\Drivent4\\src\\middlewares\\validation-middleware.ts": {"path":"D:\\Arquivos Locais\\Peo\\Treinamento\\Driven\\modulo5\\T9\\Semana4\\Projeto\\Drivent4\\src\\middlewares\\validation-middleware.ts","statementMap":{"0":{"start":{"line":2,"column":0},"end":{"line":2,"column":37}},"1":{"start":{"line":4,"column":0},"end":{"line":4,"column":44}},"2":{"start":{"line":7,"column":2},"end":{"line":7,"column":34}},"3":{"start":{"line":6,"column":0},"end":{"line":6,"column":16}},"4":{"start":{"line":11,"column":2},"end":{"line":11,"column":36}},"5":{"start":{"line":10,"column":0},"end":{"line":10,"column":16}},"6":{"start":{"line":15,"column":2},"end":{"line":25,"column":4}},"7":{"start":{"line":16,"column":22},"end":{"line":18,"column":6}},"8":{"start":{"line":20,"column":4},"end":{"line":24,"column":null}},"9":{"start":{"line":21,"column":6},"end":{"line":21,"column":13}},"10":{"start":{"line":23,"column":6},"end":{"line":23,"column":101}},"11":{"start":{"line":23,"column":88},"end":{"line":23,"column":97}}},"fnMap":{"0":{"name":"validateBody","decl":{"start":{"line":6,"column":16},"end":{"line":6,"column":28}},"loc":{"start":{"line":6,"column":55},"end":{"line":8,"column":1}}},"1":{"name":"validateParams","decl":{"start":{"line":10,"column":16},"end":{"line":10,"column":30}},"loc":{"start":{"line":10,"column":57},"end":{"line":12,"column":1}}},"2":{"name":"validate","decl":{"start":{"line":14,"column":9},"end":{"line":14,"column":17}},"loc":{"start":{"line":14,"column":63},"end":{"line":26,"column":1}}},"3":{"name":"(anonymous_4)","decl":{"start":{"line":15,"column":9},"end":{"line":15,"column":10}},"loc":{"start":{"line":15,"column":61},"end":{"line":25,"column":3}}},"4":{"name":"(anonymous_5)","decl":{"start":{"line":23,"column":81},"end":{"line":23,"column":82}},"loc":{"start":{"line":23,"column":88},"end":{"line":23,"column":97}}}},"branchMap":{"0":{"loc":{"start":{"line":20,"column":4},"end":{"line":24,"column":null}},"type":"if","locations":[{"start":{"line":20,"column":4},"end":{"line":24,"column":null}},{"start":{"line":22,"column":11},"end":{"line":24,"column":null}}]}},"s":{"0":1,"1":1,"2":5,"3":1,"4":0,"5":1,"6":5,"7":6,"8":6,"9":6,"10":0,"11":0},"f":{"0":5,"1":0,"2":5,"3":6,"4":0},"b":{"0":[6,0]}}
,"D:\\Arquivos Locais\\Peo\\Treinamento\\Driven\\modulo5\\T9\\Semana4\\Projeto\\Drivent4\\src\\repositories\\address-repository\\index.ts": {"path":"D:\\Arquivos Locais\\Peo\\Treinamento\\Driven\\modulo5\\T9\\Semana4\\Projeto\\Drivent4\\src\\repositories\\address-repository\\index.ts","statementMap":{"0":{"start":{"line":2,"column":0},"end":{"line":2,"column":34}},"1":{"start":{"line":5,"column":2},"end":{"line":14,"column":5}},"2":{"start":{"line":20,"column":26},"end":{"line":22,"column":2}},"3":{"start":{"line":24,"column":0},"end":{"line":24,"column":33}}},"fnMap":{"0":{"name":"upsert","decl":{"start":{"line":4,"column":15},"end":{"line":4,"column":21}},"loc":{"start":{"line":4,"column":116},"end":{"line":15,"column":1}}}},"branchMap":{},"s":{"0":1,"1":0,"2":1,"3":1},"f":{"0":0},"b":{}}
,"D:\\Arquivos Locais\\Peo\\Treinamento\\Driven\\modulo5\\T9\\Semana4\\Projeto\\Drivent4\\src\\repositories\\bookings-repository\\index.ts": {"path":"D:\\Arquivos Locais\\Peo\\Treinamento\\Driven\\modulo5\\T9\\Semana4\\Projeto\\Drivent4\\src\\repositories\\bookings-repository\\index.ts","statementMap":{"0":{"start":{"line":1,"column":0},"end":{"line":1,"column":34}},"1":{"start":{"line":6,"column":2},"end":{"line":10,"column":5}},"2":{"start":{"line":14,"column":2},"end":{"line":19,"column":5}},"3":{"start":{"line":22,"column":0},"end":{"line":22,"column":54}}},"fnMap":{"0":{"name":"getCountBookingRoom","decl":{"start":{"line":5,"column":15},"end":{"line":5,"column":34}},"loc":{"start":{"line":5,"column":49},"end":{"line":11,"column":1}}},"1":{"name":"createBooking","decl":{"start":{"line":13,"column":15},"end":{"line":13,"column":28}},"loc":{"start":{"line":13,"column":61},"end":{"line":20,"column":1}}}},"branchMap":{},"s":{"0":1,"1":2,"2":1,"3":1},"f":{"0":2,"1":1},"b":{}}
,"D:\\Arquivos Locais\\Peo\\Treinamento\\Driven\\modulo5\\T9\\Semana4\\Projeto\\Drivent4\\src\\repositories\\enrollment-repository\\index.ts": {"path":"D:\\Arquivos Locais\\Peo\\Treinamento\\Driven\\modulo5\\T9\\Semana4\\Projeto\\Drivent4\\src\\repositories\\enrollment-repository\\index.ts","statementMap":{"0":{"start":{"line":2,"column":0},"end":{"line":2,"column":34}},"1":{"start":{"line":5,"column":2},"end":{"line":10,"column":5}},"2":{"start":{"line":14,"column":2},"end":{"line":16,"column":5}},"3":{"start":{"line":24,"column":2},"end":{"line":30,"column":5}},"4":{"start":{"line":38,"column":2},"end":{"line":40,"column":5}},"5":{"start":{"line":44,"column":29},"end":{"line":50,"column":2}},"6":{"start":{"line":52,"column":0},"end":{"line":52,"column":36}}},"fnMap":{"0":{"name":"findWithAddressByUserId","decl":{"start":{"line":4,"column":15},"end":{"line":4,"column":38}},"loc":{"start":{"line":4,"column":53},"end":{"line":11,"column":1}}},"1":{"name":"getEnrollmentByUserId","decl":{"start":{"line":13,"column":15},"end":{"line":13,"column":36}},"loc":{"start":{"line":13,"column":51},"end":{"line":17,"column":1}}},"2":{"name":"upsert","decl":{"start":{"line":19,"column":15},"end":{"line":19,"column":21}},"loc":{"start":{"line":22,"column":43},"end":{"line":31,"column":1}}},"3":{"name":"getEnrollmentById","decl":{"start":{"line":37,"column":15},"end":{"line":37,"column":32}},"loc":{"start":{"line":37,"column":43},"end":{"line":41,"column":1}}}},"branchMap":{},"s":{"0":1,"1":0,"2":6,"3":0,"4":0,"5":1,"6":1},"f":{"0":0,"1":6,"2":0,"3":0},"b":{}}
,"D:\\Arquivos Locais\\Peo\\Treinamento\\Driven\\modulo5\\T9\\Semana4\\Projeto\\Drivent4\\src\\repositories\\event-repository\\index.ts": {"path":"D:\\Arquivos Locais\\Peo\\Treinamento\\Driven\\modulo5\\T9\\Semana4\\Projeto\\Drivent4\\src\\repositories\\event-repository\\index.ts","statementMap":{"0":{"start":{"line":1,"column":0},"end":{"line":1,"column":34}},"1":{"start":{"line":4,"column":2},"end":{"line":4,"column":34}},"2":{"start":{"line":7,"column":24},"end":{"line":9,"column":2}},"3":{"start":{"line":11,"column":0},"end":{"line":11,"column":31}}},"fnMap":{"0":{"name":"findFirst","decl":{"start":{"line":3,"column":15},"end":{"line":3,"column":24}},"loc":{"start":{"line":3,"column":24},"end":{"line":5,"column":1}}}},"branchMap":{},"s":{"0":1,"1":0,"2":1,"3":1},"f":{"0":0},"b":{}}
,"D:\\Arquivos Locais\\Peo\\Treinamento\\Driven\\modulo5\\T9\\Semana4\\Projeto\\Drivent4\\src\\repositories\\hotel-repository\\index.ts": {"path":"D:\\Arquivos Locais\\Peo\\Treinamento\\Driven\\modulo5\\T9\\Semana4\\Projeto\\Drivent4\\src\\repositories\\hotel-repository\\index.ts","statementMap":{"0":{"start":{"line":1,"column":0},"end":{"line":1,"column":34}},"1":{"start":{"line":5,"column":17},"end":{"line":5,"column":46}},"2":{"start":{"line":6,"column":2},"end":{"line":6,"column":16}},"3":{"start":{"line":10,"column":22},"end":{"line":17,"column":4}},"4":{"start":{"line":18,"column":2},"end":{"line":18,"column":21}},"5":{"start":{"line":23,"column":16},"end":{"line":27,"column":4}},"6":{"start":{"line":28,"column":2},"end":{"line":28,"column":15}},"7":{"start":{"line":32,"column":15},"end":{"line":36,"column":4}},"8":{"start":{"line":37,"column":2},"end":{"line":37,"column":14}},"9":{"start":{"line":40,"column":24},"end":{"line":45,"column":2}},"10":{"start":{"line":47,"column":0},"end":{"line":47,"column":31}}},"fnMap":{"0":{"name":"getHotels","decl":{"start":{"line":4,"column":15},"end":{"line":4,"column":24}},"loc":{"start":{"line":4,"column":24},"end":{"line":7,"column":1}}},"1":{"name":"getRoomsHotel","decl":{"start":{"line":9,"column":15},"end":{"line":9,"column":28}},"loc":{"start":{"line":9,"column":44},"end":{"line":19,"column":1}}},"2":{"name":"getHotelById","decl":{"start":{"line":22,"column":15},"end":{"line":22,"column":27}},"loc":{"start":{"line":22,"column":43},"end":{"line":29,"column":1}}},"3":{"name":"getRoomById","decl":{"start":{"line":31,"column":15},"end":{"line":31,"column":26}},"loc":{"start":{"line":31,"column":41},"end":{"line":38,"column":1}}}},"branchMap":{},"s":{"0":1,"1":0,"2":0,"3":0,"4":0,"5":0,"6":0,"7":3,"8":3,"9":1,"10":1},"f":{"0":0,"1":0,"2":0,"3":3},"b":{}}
,"D:\\Arquivos Locais\\Peo\\Treinamento\\Driven\\modulo5\\T9\\Semana4\\Projeto\\Drivent4\\src\\repositories\\payment-repository\\index.ts": {"path":"D:\\Arquivos Locais\\Peo\\Treinamento\\Driven\\modulo5\\T9\\Semana4\\Projeto\\Drivent4\\src\\repositories\\payment-repository\\index.ts","statementMap":{"0":{"start":{"line":2,"column":0},"end":{"line":2,"column":34}},"1":{"start":{"line":8,"column":15},"end":{"line":13,"column":null}},"2":{"start":{"line":15,"column":2},"end":{"line":17,"column":null}},"3":{"start":{"line":37,"column":2},"end":{"line":39,"column":null}},"4":{"start":{"line":44,"column":26},"end":{"line":47,"column":2}},"5":{"start":{"line":49,"column":0},"end":{"line":49,"column":33}}},"fnMap":{"0":{"name":"createPaymentProcess","decl":{"start":{"line":7,"column":15},"end":{"line":7,"column":35}},"loc":{"start":{"line":7,"column":89},"end":{"line":19,"column":1}}},"1":{"name":"getPaymentsProcess","decl":{"start":{"line":22,"column":15},"end":{"line":22,"column":33}},"loc":{"start":{"line":22,"column":49},"end":{"line":41,"column":1}}}},"branchMap":{},"s":{"0":1,"1":0,"2":0,"3":0,"4":1,"5":1},"f":{"0":0,"1":0},"b":{}}
,"D:\\Arquivos Locais\\Peo\\Treinamento\\Driven\\modulo5\\T9\\Semana4\\Projeto\\Drivent4\\src\\repositories\\session-repository\\index.ts": {"path":"D:\\Arquivos Locais\\Peo\\Treinamento\\Driven\\modulo5\\T9\\Semana4\\Projeto\\Drivent4\\src\\repositories\\session-repository\\index.ts","statementMap":{"0":{"start":{"line":2,"column":0},"end":{"line":2,"column":34}},"1":{"start":{"line":5,"column":2},"end":{"line":7,"column":5}},"2":{"start":{"line":10,"column":26},"end":{"line":12,"column":2}},"3":{"start":{"line":14,"column":0},"end":{"line":14,"column":33}}},"fnMap":{"0":{"name":"create","decl":{"start":{"line":4,"column":15},"end":{"line":4,"column":21}},"loc":{"start":{"line":4,"column":62},"end":{"line":8,"column":1}}}},"branchMap":{},"s":{"0":1,"1":0,"2":1,"3":1},"f":{"0":0},"b":{}}
,"D:\\Arquivos Locais\\Peo\\Treinamento\\Driven\\modulo5\\T9\\Semana4\\Projeto\\Drivent4\\src\\repositories\\ticket-repository\\index.ts": {"path":"D:\\Arquivos Locais\\Peo\\Treinamento\\Driven\\modulo5\\T9\\Semana4\\Projeto\\Drivent4\\src\\repositories\\ticket-repository\\index.ts","statementMap":{"0":{"start":{"line":2,"column":0},"end":{"line":2,"column":34}},"1":{"start":{"line":6,"column":2},"end":{"line":6,"column":44}},"2":{"start":{"line":10,"column":2},"end":{"line":14,"column":5}},"3":{"start":{"line":18,"column":2},"end":{"line":20,"column":5}},"4":{"start":{"line":24,"column":2},"end":{"line":49,"column":5}},"5":{"start":{"line":53,"column":2},"end":{"line":74,"column":5}},"6":{"start":{"line":78,"column":2},"end":{"line":82,"column":5}},"7":{"start":{"line":86,"column":2},"end":{"line":93,"column":5}},"8":{"start":{"line":97,"column":25},"end":{"line":106,"column":2}},"9":{"start":{"line":108,"column":0},"end":{"line":108,"column":32}}},"fnMap":{"0":{"name":"getTicketsType","decl":{"start":{"line":5,"column":15},"end":{"line":5,"column":29}},"loc":{"start":{"line":5,"column":29},"end":{"line":7,"column":1}}},"1":{"name":"getTicketType","decl":{"start":{"line":9,"column":15},"end":{"line":9,"column":28}},"loc":{"start":{"line":9,"column":49},"end":{"line":15,"column":1}}},"2":{"name":"createTiket","decl":{"start":{"line":17,"column":15},"end":{"line":17,"column":26}},"loc":{"start":{"line":17,"column":44},"end":{"line":21,"column":1}}},"3":{"name":"findTicketWithTicketTypeById","decl":{"start":{"line":23,"column":15},"end":{"line":23,"column":43}},"loc":{"start":{"line":23,"column":54},"end":{"line":50,"column":1}}},"4":{"name":"getTiketsByUser","decl":{"start":{"line":52,"column":15},"end":{"line":52,"column":30}},"loc":{"start":{"line":52,"column":41},"end":{"line":75,"column":1}}},"5":{"name":"findTicket","decl":{"start":{"line":77,"column":15},"end":{"line":77,"column":25}},"loc":{"start":{"line":77,"column":46},"end":{"line":83,"column":1}}},"6":{"name":"setTicketAsPaid","decl":{"start":{"line":85,"column":15},"end":{"line":85,"column":30}},"loc":{"start":{"line":85,"column":47},"end":{"line":94,"column":1}}}},"branchMap":{},"s":{"0":1,"1":0,"2":0,"3":0,"4":0,"5":6,"6":0,"7":0,"8":1,"9":1},"f":{"0":0,"1":0,"2":0,"3":0,"4":6,"5":0,"6":0},"b":{}}
,"D:\\Arquivos Locais\\Peo\\Treinamento\\Driven\\modulo5\\T9\\Semana4\\Projeto\\Drivent4\\src\\repositories\\user-repository\\index.ts": {"path":"D:\\Arquivos Locais\\Peo\\Treinamento\\Driven\\modulo5\\T9\\Semana4\\Projeto\\Drivent4\\src\\repositories\\user-repository\\index.ts","statementMap":{"0":{"start":{"line":2,"column":0},"end":{"line":2,"column":34}},"1":{"start":{"line":5,"column":44},"end":{"line":9,"column":4}},"2":{"start":{"line":11,"column":2},"end":{"line":13,"column":null}},"3":{"start":{"line":12,"column":4},"end":{"line":12,"column":27}},"4":{"start":{"line":15,"column":2},"end":{"line":15,"column":40}},"5":{"start":{"line":19,"column":2},"end":{"line":21,"column":5}},"6":{"start":{"line":24,"column":23},"end":{"line":27,"column":2}},"7":{"start":{"line":29,"column":0},"end":{"line":29,"column":30}}},"fnMap":{"0":{"name":"findByEmail","decl":{"start":{"line":4,"column":15},"end":{"line":4,"column":26}},"loc":{"start":{"line":4,"column":68},"end":{"line":16,"column":1}}},"1":{"name":"create","decl":{"start":{"line":18,"column":15},"end":{"line":18,"column":21}},"loc":{"start":{"line":18,"column":59},"end":{"line":22,"column":1}}}},"branchMap":{"0":{"loc":{"start":{"line":11,"column":2},"end":{"line":13,"column":null}},"type":"if","locations":[{"start":{"line":11,"column":2},"end":{"line":13,"column":null}}]}},"s":{"0":1,"1":0,"2":0,"3":0,"4":0,"5":0,"6":1,"7":1},"f":{"0":0,"1":0},"b":{"0":[0]}}
,"D:\\Arquivos Locais\\Peo\\Treinamento\\Driven\\modulo5\\T9\\Semana4\\Projeto\\Drivent4\\src\\routers\\authentication-router.ts": {"path":"D:\\Arquivos Locais\\Peo\\Treinamento\\Driven\\modulo5\\T9\\Semana4\\Projeto\\Drivent4\\src\\routers\\authentication-router.ts","statementMap":{"0":{"start":{"line":1,"column":0},"end":{"line":1,"column":33}},"1":{"start":{"line":2,"column":0},"end":{"line":2,"column":43}},"2":{"start":{"line":3,"column":0},"end":{"line":3,"column":45}},"3":{"start":{"line":4,"column":0},"end":{"line":4,"column":41}},"4":{"start":{"line":6,"column":29},"end":{"line":6,"column":37}},"5":{"start":{"line":10,"column":9},"end":{"line":10,"column":29}},"6":{"start":{"line":8,"column":0},"end":{"line":8,"column":78}}},"fnMap":{},"branchMap":{},"s":{"0":1,"1":1,"2":1,"3":1,"4":1,"5":1,"6":1},"f":{},"b":{}}
,"D:\\Arquivos Locais\\Peo\\Treinamento\\Driven\\modulo5\\T9\\Semana4\\Projeto\\Drivent4\\src\\routers\\bookings-router.ts": {"path":"D:\\Arquivos Locais\\Peo\\Treinamento\\Driven\\modulo5\\T9\\Semana4\\Projeto\\Drivent4\\src\\routers\\bookings-router.ts","statementMap":{"0":{"start":{"line":1,"column":0},"end":{"line":1,"column":33}},"1":{"start":{"line":2,"column":0},"end":{"line":2,"column":64}},"2":{"start":{"line":3,"column":0},"end":{"line":3,"column":42}},"3":{"start":{"line":4,"column":0},"end":{"line":4,"column":67}},"4":{"start":{"line":6,"column":23},"end":{"line":6,"column":31}},"5":{"start":{"line":14,"column":9},"end":{"line":14,"column":23}},"6":{"start":{"line":8,"column":0},"end":{"line":12,"column":56}}},"fnMap":{},"branchMap":{},"s":{"0":1,"1":1,"2":1,"3":1,"4":1,"5":1,"6":1},"f":{},"b":{}}
,"D:\\Arquivos Locais\\Peo\\Treinamento\\Driven\\modulo5\\T9\\Semana4\\Projeto\\Drivent4\\src\\routers\\enrollments-router.ts": {"path":"D:\\Arquivos Locais\\Peo\\Treinamento\\Driven\\modulo5\\T9\\Semana4\\Projeto\\Drivent4\\src\\routers\\enrollments-router.ts","statementMap":{"0":{"start":{"line":1,"column":0},"end":{"line":1,"column":33}},"1":{"start":{"line":2,"column":0},"end":{"line":2,"column":64}},"2":{"start":{"line":3,"column":0},"end":{"line":3,"column":101}},"3":{"start":{"line":4,"column":0},"end":{"line":4,"column":51}},"4":{"start":{"line":6,"column":26},"end":{"line":6,"column":34}},"5":{"start":{"line":14,"column":9},"end":{"line":14,"column":26}},"6":{"start":{"line":8,"column":0},"end":{"line":12,"column":81}}},"fnMap":{},"branchMap":{},"s":{"0":1,"1":1,"2":1,"3":1,"4":1,"5":1,"6":1},"f":{},"b":{}}
,"D:\\Arquivos Locais\\Peo\\Treinamento\\Driven\\modulo5\\T9\\Semana4\\Projeto\\Drivent4\\src\\routers\\events-router.ts": {"path":"D:\\Arquivos Locais\\Peo\\Treinamento\\Driven\\modulo5\\T9\\Semana4\\Projeto\\Drivent4\\src\\routers\\events-router.ts","statementMap":{"0":{"start":{"line":1,"column":0},"end":{"line":1,"column":33}},"1":{"start":{"line":2,"column":0},"end":{"line":2,"column":48}},"2":{"start":{"line":4,"column":21},"end":{"line":4,"column":29}},"3":{"start":{"line":8,"column":9},"end":{"line":8,"column":21}},"4":{"start":{"line":6,"column":0},"end":{"line":6,"column":39}}},"fnMap":{},"branchMap":{},"s":{"0":1,"1":1,"2":1,"3":1,"4":1},"f":{},"b":{}}
,"D:\\Arquivos Locais\\Peo\\Treinamento\\Driven\\modulo5\\T9\\Semana4\\Projeto\\Drivent4\\src\\routers\\hotels-router.ts": {"path":"D:\\Arquivos Locais\\Peo\\Treinamento\\Driven\\modulo5\\T9\\Semana4\\Projeto\\Drivent4\\src\\routers\\hotels-router.ts","statementMap":{"0":{"start":{"line":1,"column":0},"end":{"line":1,"column":33}},"1":{"start":{"line":2,"column":0},"end":{"line":2,"column":50}},"2":{"start":{"line":3,"column":0},"end":{"line":3,"column":63}},"3":{"start":{"line":5,"column":21},"end":{"line":5,"column":29}},"4":{"start":{"line":12,"column":9},"end":{"line":12,"column":21}},"5":{"start":{"line":7,"column":0},"end":{"line":10,"column":52}}},"fnMap":{},"branchMap":{},"s":{"0":1,"1":1,"2":1,"3":1,"4":1,"5":1},"f":{},"b":{}}
,"D:\\Arquivos Locais\\Peo\\Treinamento\\Driven\\modulo5\\T9\\Semana4\\Projeto\\Drivent4\\src\\routers\\index.ts": {"path":"D:\\Arquivos Locais\\Peo\\Treinamento\\Driven\\modulo5\\T9\\Semana4\\Projeto\\Drivent4\\src\\routers\\index.ts","statementMap":{"0":{"start":{"line":1,"column":0},"end":{"line":1,"column":31}},"1":{"start":{"line":2,"column":0},"end":{"line":2,"column":40}},"2":{"start":{"line":3,"column":0},"end":{"line":3,"column":32}},"3":{"start":{"line":4,"column":0},"end":{"line":4,"column":37}},"4":{"start":{"line":5,"column":0},"end":{"line":5,"column":33}},"5":{"start":{"line":6,"column":0},"end":{"line":6,"column":34}},"6":{"start":{"line":7,"column":0},"end":{"line":7,"column":32}},"7":{"start":{"line":8,"column":0},"end":{"line":8,"column":34}}},"fnMap":{},"branchMap":{},"s":{"0":1,"1":1,"2":1,"3":1,"4":1,"5":1,"6":1,"7":1},"f":{},"b":{}}
,"D:\\Arquivos Locais\\Peo\\Treinamento\\Driven\\modulo5\\T9\\Semana4\\Projeto\\Drivent4\\src\\routers\\payments-router.ts": {"path":"D:\\Arquivos Locais\\Peo\\Treinamento\\Driven\\modulo5\\T9\\Semana4\\Projeto\\Drivent4\\src\\routers\\payments-router.ts","statementMap":{"0":{"start":{"line":1,"column":0},"end":{"line":1,"column":33}},"1":{"start":{"line":2,"column":0},"end":{"line":2,"column":50}},"2":{"start":{"line":3,"column":0},"end":{"line":3,"column":67}},"3":{"start":{"line":6,"column":23},"end":{"line":6,"column":31}},"4":{"start":{"line":14,"column":9},"end":{"line":14,"column":23}},"5":{"start":{"line":9,"column":0},"end":{"line":12,"column":61}}},"fnMap":{},"branchMap":{},"s":{"0":1,"1":1,"2":1,"3":1,"4":1,"5":1},"f":{},"b":{}}
,"D:\\Arquivos Locais\\Peo\\Treinamento\\Driven\\modulo5\\T9\\Semana4\\Projeto\\Drivent4\\src\\routers\\tickets-router.ts": {"path":"D:\\Arquivos Locais\\Peo\\Treinamento\\Driven\\modulo5\\T9\\Semana4\\Projeto\\Drivent4\\src\\routers\\tickets-router.ts","statementMap":{"0":{"start":{"line":1,"column":0},"end":{"line":1,"column":33}},"1":{"start":{"line":2,"column":0},"end":{"line":2,"column":64}},"2":{"start":{"line":3,"column":0},"end":{"line":3,"column":77}},"3":{"start":{"line":4,"column":0},"end":{"line":4,"column":67}},"4":{"start":{"line":8,"column":22},"end":{"line":8,"column":30}},"5":{"start":{"line":13,"column":9},"end":{"line":13,"column":22}},"6":{"start":{"line":10,"column":0},"end":{"line":10,"column":73}},"7":{"start":{"line":11,"column":0},"end":{"line":11,"column":75}},"8":{"start":{"line":12,"column":0},"end":{"line":12,"column":40}}},"fnMap":{},"branchMap":{},"s":{"0":1,"1":1,"2":1,"3":1,"4":1,"5":1,"6":1,"7":1,"8":1},"f":{},"b":{}}
,"D:\\Arquivos Locais\\Peo\\Treinamento\\Driven\\modulo5\\T9\\Semana4\\Projeto\\Drivent4\\src\\routers\\users-router.ts": {"path":"D:\\Arquivos Locais\\Peo\\Treinamento\\Driven\\modulo5\\T9\\Semana4\\Projeto\\Drivent4\\src\\routers\\users-router.ts","statementMap":{"0":{"start":{"line":1,"column":0},"end":{"line":1,"column":33}},"1":{"start":{"line":3,"column":0},"end":{"line":3,"column":45}},"2":{"start":{"line":4,"column":0},"end":{"line":4,"column":45}},"3":{"start":{"line":5,"column":0},"end":{"line":5,"column":42}},"4":{"start":{"line":7,"column":20},"end":{"line":7,"column":28}},"5":{"start":{"line":11,"column":9},"end":{"line":11,"column":20}},"6":{"start":{"line":9,"column":0},"end":{"line":9,"column":65}}},"fnMap":{},"branchMap":{},"s":{"0":1,"1":1,"2":1,"3":1,"4":1,"5":1,"6":1},"f":{},"b":{}}
,"D:\\Arquivos Locais\\Peo\\Treinamento\\Driven\\modulo5\\T9\\Semana4\\Projeto\\Drivent4\\src\\schemas\\authentication-schemas.ts": {"path":"D:\\Arquivos Locais\\Peo\\Treinamento\\Driven\\modulo5\\T9\\Semana4\\Projeto\\Drivent4\\src\\schemas\\authentication-schemas.ts","statementMap":{"0":{"start":{"line":1,"column":0},"end":{"line":1,"column":22}},"1":{"start":{"line":4,"column":13},"end":{"line":7,"column":3}}},"fnMap":{},"branchMap":{},"s":{"0":1,"1":1},"f":{},"b":{}}
,"D:\\Arquivos Locais\\Peo\\Treinamento\\Driven\\modulo5\\T9\\Semana4\\Projeto\\Drivent4\\src\\schemas\\bookings-schemas.ts": {"path":"D:\\Arquivos Locais\\Peo\\Treinamento\\Driven\\modulo5\\T9\\Semana4\\Projeto\\Drivent4\\src\\schemas\\bookings-schemas.ts","statementMap":{"0":{"start":{"line":1,"column":0},"end":{"line":1,"column":22}},"1":{"start":{"line":4,"column":13},"end":{"line":6,"column":3}}},"fnMap":{},"branchMap":{},"s":{"0":1,"1":1},"f":{},"b":{}}
,"D:\\Arquivos Locais\\Peo\\Treinamento\\Driven\\modulo5\\T9\\Semana4\\Projeto\\Drivent4\\src\\schemas\\enrollments-schemas.ts": {"path":"D:\\Arquivos Locais\\Peo\\Treinamento\\Driven\\modulo5\\T9\\Semana4\\Projeto\\Drivent4\\src\\schemas\\enrollments-schemas.ts","statementMap":{"0":{"start":{"line":1,"column":0},"end":{"line":1,"column":105}},"1":{"start":{"line":2,"column":0},"end":{"line":2,"column":22}},"2":{"start":{"line":5,"column":28},"end":{"line":5,"column":87}},"3":{"start":{"line":7,"column":28},"end":{"line":7,"column":86}},"4":{"start":{"line":9,"column":36},"end":{"line":9,"column":108}},"5":{"start":{"line":11,"column":13},"end":{"line":28,"column":3}},"6":{"start":{"line":23,"column":39},"end":{"line":23,"column":45}},"7":{"start":{"line":31,"column":2},"end":{"line":31,"column":27}},"8":{"start":{"line":31,"column":14},"end":{"line":31,"column":27}},"9":{"start":{"line":33,"column":2},"end":{"line":35,"column":null}},"10":{"start":{"line":34,"column":4},"end":{"line":34,"column":40}},"11":{"start":{"line":37,"column":2},"end":{"line":37,"column":15}},"12":{"start":{"line":41,"column":2},"end":{"line":41,"column":27}},"13":{"start":{"line":41,"column":14},"end":{"line":41,"column":27}},"14":{"start":{"line":43,"column":2},"end":{"line":45,"column":null}},"15":{"start":{"line":44,"column":4},"end":{"line":44,"column":40}},"16":{"start":{"line":47,"column":2},"end":{"line":47,"column":15}},"17":{"start":{"line":51,"column":2},"end":{"line":51,"column":27}},"18":{"start":{"line":51,"column":14},"end":{"line":51,"column":27}},"19":{"start":{"line":53,"column":2},"end":{"line":55,"column":null}},"20":{"start":{"line":54,"column":4},"end":{"line":54,"column":40}},"21":{"start":{"line":57,"column":2},"end":{"line":57,"column":15}}},"fnMap":{"0":{"name":"(anonymous_1)","decl":{"start":{"line":23,"column":32},"end":{"line":23,"column":33}},"loc":{"start":{"line":23,"column":39},"end":{"line":23,"column":45}}},"1":{"name":"joiCpfValidation","decl":{"start":{"line":30,"column":9},"end":{"line":30,"column":25}},"loc":{"start":{"line":30,"column":75},"end":{"line":38,"column":1}}},"2":{"name":"JoiCepValidation","decl":{"start":{"line":40,"column":9},"end":{"line":40,"column":25}},"loc":{"start":{"line":40,"column":75},"end":{"line":48,"column":1}}},"3":{"name":"joiMobilePhoneValidation","decl":{"start":{"line":50,"column":9},"end":{"line":50,"column":33}},"loc":{"start":{"line":50,"column":83},"end":{"line":58,"column":1}}}},"branchMap":{"0":{"loc":{"start":{"line":31,"column":2},"end":{"line":31,"column":27}},"type":"if","locations":[{"start":{"line":31,"column":2},"end":{"line":31,"column":27}}]},"1":{"loc":{"start":{"line":33,"column":2},"end":{"line":35,"column":null}},"type":"if","locations":[{"start":{"line":33,"column":2},"end":{"line":35,"column":null}}]},"2":{"loc":{"start":{"line":41,"column":2},"end":{"line":41,"column":27}},"type":"if","locations":[{"start":{"line":41,"column":2},"end":{"line":41,"column":27}}]},"3":{"loc":{"start":{"line":43,"column":2},"end":{"line":45,"column":null}},"type":"if","locations":[{"start":{"line":43,"column":2},"end":{"line":45,"column":null}}]},"4":{"loc":{"start":{"line":51,"column":2},"end":{"line":51,"column":27}},"type":"if","locations":[{"start":{"line":51,"column":2},"end":{"line":51,"column":27}}]},"5":{"loc":{"start":{"line":53,"column":2},"end":{"line":55,"column":null}},"type":"if","locations":[{"start":{"line":53,"column":2},"end":{"line":55,"column":null}}]}},"s":{"0":1,"1":1,"2":1,"3":1,"4":1,"5":1,"6":27,"7":0,"8":0,"9":0,"10":0,"11":0,"12":0,"13":0,"14":0,"15":0,"16":0,"17":0,"18":0,"19":0,"20":0,"21":0},"f":{"0":27,"1":0,"2":0,"3":0},"b":{"0":[0],"1":[0],"2":[0],"3":[0],"4":[0],"5":[0]}}
,"D:\\Arquivos Locais\\Peo\\Treinamento\\Driven\\modulo5\\T9\\Semana4\\Projeto\\Drivent4\\src\\schemas\\index.ts": {"path":"D:\\Arquivos Locais\\Peo\\Treinamento\\Driven\\modulo5\\T9\\Semana4\\Projeto\\Drivent4\\src\\schemas\\index.ts","statementMap":{"0":{"start":{"line":1,"column":0},"end":{"line":1,"column":32}},"1":{"start":{"line":2,"column":0},"end":{"line":2,"column":41}},"2":{"start":{"line":3,"column":0},"end":{"line":3,"column":38}},"3":{"start":{"line":4,"column":0},"end":{"line":4,"column":35}}},"fnMap":{},"branchMap":{},"s":{"0":1,"1":1,"2":1,"3":1},"f":{},"b":{}}
,"D:\\Arquivos Locais\\Peo\\Treinamento\\Driven\\modulo5\\T9\\Semana4\\Projeto\\Drivent4\\src\\schemas\\tickets-schemas.ts": {"path":"D:\\Arquivos Locais\\Peo\\Treinamento\\Driven\\modulo5\\T9\\Semana4\\Projeto\\Drivent4\\src\\schemas\\tickets-schemas.ts","statementMap":{"0":{"start":{"line":1,"column":0},"end":{"line":1,"column":22}},"1":{"start":{"line":10,"column":13},"end":{"line":14,"column":3}},"2":{"start":{"line":16,"column":13},"end":{"line":18,"column":3}}},"fnMap":{},"branchMap":{},"s":{"0":1,"1":1,"2":1},"f":{},"b":{}}
,"D:\\Arquivos Locais\\Peo\\Treinamento\\Driven\\modulo5\\T9\\Semana4\\Projeto\\Drivent4\\src\\schemas\\users-schemas.ts": {"path":"D:\\Arquivos Locais\\Peo\\Treinamento\\Driven\\modulo5\\T9\\Semana4\\Projeto\\Drivent4\\src\\schemas\\users-schemas.ts","statementMap":{"0":{"start":{"line":1,"column":0},"end":{"line":1,"column":22}},"1":{"start":{"line":4,"column":13},"end":{"line":7,"column":3}}},"fnMap":{},"branchMap":{},"s":{"0":1,"1":1},"f":{},"b":{}}
,"D:\\Arquivos Locais\\Peo\\Treinamento\\Driven\\modulo5\\T9\\Semana4\\Projeto\\Drivent4\\src\\services\\authentication-service\\errors.ts": {"path":"D:\\Arquivos Locais\\Peo\\Treinamento\\Driven\\modulo5\\T9\\Semana4\\Projeto\\Drivent4\\src\\services\\authentication-service\\errors.ts","statementMap":{"0":{"start":{"line":4,"column":2},"end":{"line":7,"column":4}},"1":{"start":{"line":3,"column":0},"end":{"line":3,"column":16}}},"fnMap":{"0":{"name":"invalidCredentialsError","decl":{"start":{"line":3,"column":16},"end":{"line":3,"column":39}},"loc":{"start":{"line":3,"column":39},"end":{"line":8,"column":1}}}},"branchMap":{},"s":{"0":0,"1":1},"f":{"0":0},"b":{}}
,"D:\\Arquivos Locais\\Peo\\Treinamento\\Driven\\modulo5\\T9\\Semana4\\Projeto\\Drivent4\\src\\services\\authentication-service\\index.ts": {"path":"D:\\Arquivos Locais\\Peo\\Treinamento\\Driven\\modulo5\\T9\\Semana4\\Projeto\\Drivent4\\src\\services\\authentication-service\\index.ts","statementMap":{"0":{"start":{"line":2,"column":0},"end":{"line":2,"column":28}},"1":{"start":{"line":3,"column":0},"end":{"line":3,"column":31}},"2":{"start":{"line":4,"column":0},"end":{"line":4,"column":51}},"3":{"start":{"line":5,"column":0},"end":{"line":5,"column":47}},"4":{"start":{"line":6,"column":0},"end":{"line":6,"column":60}},"5":{"start":{"line":7,"column":0},"end":{"line":7,"column":66}},"6":{"start":{"line":10,"column":30},"end":{"line":10,"column":36}},"7":{"start":{"line":12,"column":15},"end":{"line":12,"column":41}},"8":{"start":{"line":14,"column":2},"end":{"line":14,"column":56}},"9":{"start":{"line":16,"column":16},"end":{"line":16,"column":44}},"10":{"start":{"line":18,"column":2},"end":{"line":21,"column":4}},"11":{"start":{"line":25,"column":15},"end":{"line":25,"column":97}},"12":{"start":{"line":26,"column":2},"end":{"line":26,"column":45}},"13":{"start":{"line":26,"column":13},"end":{"line":26,"column":45}},"14":{"start":{"line":28,"column":2},"end":{"line":28,"column":14}},"15":{"start":{"line":32,"column":16},"end":{"line":32,"column":60}},"16":{"start":{"line":33,"column":2},"end":{"line":36,"column":5}},"17":{"start":{"line":38,"column":2},"end":{"line":38,"column":15}},"18":{"start":{"line":42,"column":26},"end":{"line":42,"column":70}},"19":{"start":{"line":43,"column":2},"end":{"line":43,"column":56}},"20":{"start":{"line":43,"column":24},"end":{"line":43,"column":56}},"21":{"start":{"line":55,"column":30},"end":{"line":57,"column":2}},"22":{"start":{"line":59,"column":0},"end":{"line":59,"column":37}},"23":{"start":{"line":60,"column":0},"end":{"line":60,"column":25}}},"fnMap":{"0":{"name":"signIn","decl":{"start":{"line":9,"column":15},"end":{"line":9,"column":21}},"loc":{"start":{"line":9,"column":42},"end":{"line":22,"column":1}}},"1":{"name":"getUserOrFail","decl":{"start":{"line":24,"column":15},"end":{"line":24,"column":28}},"loc":{"start":{"line":24,"column":42},"end":{"line":29,"column":1}}},"2":{"name":"createSession","decl":{"start":{"line":31,"column":15},"end":{"line":31,"column":28}},"loc":{"start":{"line":31,"column":43},"end":{"line":39,"column":1}}},"3":{"name":"validatePasswordOrFail","decl":{"start":{"line":41,"column":15},"end":{"line":41,"column":37}},"loc":{"start":{"line":41,"column":76},"end":{"line":44,"column":1}}}},"branchMap":{"0":{"loc":{"start":{"line":26,"column":2},"end":{"line":26,"column":45}},"type":"if","locations":[{"start":{"line":26,"column":2},"end":{"line":26,"column":45}}]},"1":{"loc":{"start":{"line":43,"column":2},"end":{"line":43,"column":56}},"type":"if","locations":[{"start":{"line":43,"column":2},"end":{"line":43,"column":56}}]}},"s":{"0":1,"1":1,"2":1,"3":1,"4":1,"5":1,"6":0,"7":0,"8":0,"9":0,"10":0,"11":0,"12":0,"13":0,"14":0,"15":0,"16":0,"17":0,"18":0,"19":0,"20":0,"21":1,"22":1,"23":1},"f":{"0":0,"1":0,"2":0,"3":0},"b":{"0":[0],"1":[0]}}
,"D:\\Arquivos Locais\\Peo\\Treinamento\\Driven\\modulo5\\T9\\Semana4\\Projeto\\Drivent4\\src\\services\\bookings-service\\index.ts": {"path":"D:\\Arquivos Locais\\Peo\\Treinamento\\Driven\\modulo5\\T9\\Semana4\\Projeto\\Drivent4\\src\\services\\bookings-service\\index.ts","statementMap":{"0":{"start":{"line":1,"column":0},"end":{"line":1,"column":57}},"1":{"start":{"line":3,"column":0},"end":{"line":3,"column":67}},"2":{"start":{"line":4,"column":0},"end":{"line":4,"column":62}},"3":{"start":{"line":8,"column":0},"end":{"line":8,"column":56}},"4":{"start":{"line":16,"column":2},"end":{"line":16,"column":43}},"5":{"start":{"line":19,"column":15},"end":{"line":19,"column":40}},"6":{"start":{"line":23,"column":2},"end":{"line":23,"column":64}},"7":{"start":{"line":28,"column":2},"end":{"line":28,"column":67}},"8":{"start":{"line":32,"column":15},"end":{"line":32,"column":56}},"9":{"start":{"line":34,"column":2},"end":{"line":34,"column":33}},"10":{"start":{"line":34,"column":13},"end":{"line":34,"column":33}},"11":{"start":{"line":36,"column":2},"end":{"line":36,"column":14}},"12":{"start":{"line":44,"column":26},"end":{"line":44,"column":77}},"13":{"start":{"line":49,"column":2},"end":{"line":49,"column":57}},"14":{"start":{"line":49,"column":36},"end":{"line":49,"column":57}},"15":{"start":{"line":51,"column":2},"end":{"line":51,"column":25}},"16":{"start":{"line":56,"column":0},"end":{"line":60,"column":2}}},"fnMap":{"0":{"name":"getBooking","decl":{"start":{"line":12,"column":15},"end":{"line":12,"column":25}},"loc":{"start":{"line":12,"column":25},"end":{"line":12,"column":30}}},"1":{"name":"createBooking","decl":{"start":{"line":14,"column":15},"end":{"line":14,"column":28}},"loc":{"start":{"line":14,"column":61},"end":{"line":29,"column":1}}},"2":{"name":"getRoomById","decl":{"start":{"line":31,"column":15},"end":{"line":31,"column":26}},"loc":{"start":{"line":31,"column":41},"end":{"line":37,"column":1}}},"3":{"name":"verifyCapacityRoom","decl":{"start":{"line":39,"column":15},"end":{"line":39,"column":33}},"loc":{"start":{"line":39,"column":83},"end":{"line":52,"column":1}}},"4":{"name":"changeBooking","decl":{"start":{"line":54,"column":15},"end":{"line":54,"column":28}},"loc":{"start":{"line":54,"column":28},"end":{"line":54,"column":33}}}},"branchMap":{"0":{"loc":{"start":{"line":34,"column":2},"end":{"line":34,"column":33}},"type":"if","locations":[{"start":{"line":34,"column":2},"end":{"line":34,"column":33}}]},"1":{"loc":{"start":{"line":49,"column":2},"end":{"line":49,"column":57}},"type":"if","locations":[{"start":{"line":49,"column":2},"end":{"line":49,"column":57}}]}},"s":{"0":1,"1":1,"2":1,"3":1,"4":6,"5":3,"6":2,"7":1,"8":3,"9":3,"10":1,"11":2,"12":2,"13":2,"14":1,"15":1,"16":1},"f":{"0":0,"1":6,"2":3,"3":2,"4":0},"b":{"0":[1],"1":[1]}}
,"D:\\Arquivos Locais\\Peo\\Treinamento\\Driven\\modulo5\\T9\\Semana4\\Projeto\\Drivent4\\src\\services\\enrollments-service\\index.ts": {"path":"D:\\Arquivos Locais\\Peo\\Treinamento\\Driven\\modulo5\\T9\\Semana4\\Projeto\\Drivent4\\src\\services\\enrollments-service\\index.ts","statementMap":{"0":{"start":{"line":2,"column":0},"end":{"line":2,"column":42}},"1":{"start":{"line":3,"column":0},"end":{"line":3,"column":59}},"2":{"start":{"line":4,"column":0},"end":{"line":4,"column":91}},"3":{"start":{"line":5,"column":0},"end":{"line":5,"column":100}},"4":{"start":{"line":6,"column":0},"end":{"line":6,"column":47}},"5":{"start":{"line":10,"column":17},"end":{"line":10,"column":77}},"6":{"start":{"line":12,"column":2},"end":{"line":14,"column":null}},"7":{"start":{"line":13,"column":4},"end":{"line":13,"column":26}},"8":{"start":{"line":16,"column":62},"end":{"line":16,"column":73}},"9":{"start":{"line":18,"column":37},"end":{"line":24,"column":4}},"10":{"start":{"line":26,"column":2},"end":{"line":26,"column":17}},"11":{"start":{"line":30,"column":32},"end":{"line":30,"column":90}},"12":{"start":{"line":32,"column":2},"end":{"line":32,"column":52}},"13":{"start":{"line":32,"column":30},"end":{"line":32,"column":52}},"14":{"start":{"line":34,"column":25},"end":{"line":34,"column":54}},"15":{"start":{"line":35,"column":18},"end":{"line":35,"column":47}},"16":{"start":{"line":37,"column":2},"end":{"line":40,"column":4}},"17":{"start":{"line":46,"column":2},"end":{"line":46,"column":33}},"18":{"start":{"line":46,"column":21},"end":{"line":46,"column":33}},"19":{"start":{"line":48,"column":2},"end":{"line":48,"column":73}},"20":{"start":{"line":54,"column":21},"end":{"line":54,"column":47}},"21":{"start":{"line":55,"column":18},"end":{"line":55,"column":53}},"22":{"start":{"line":57,"column":2},"end":{"line":61,"column":null}},"23":{"start":{"line":58,"column":4},"end":{"line":58,"column":41}},"24":{"start":{"line":60,"column":4},"end":{"line":60,"column":44}},"25":{"start":{"line":63,"column":24},"end":{"line":63,"column":115}},"26":{"start":{"line":65,"column":2},"end":{"line":65,"column":69}},"27":{"start":{"line":69,"column":2},"end":{"line":72,"column":4}},"28":{"start":{"line":81,"column":21},"end":{"line":81,"column":77}},"29":{"start":{"line":83,"column":2},"end":{"line":85,"column":null}},"30":{"start":{"line":84,"column":4},"end":{"line":84,"column":24}},"31":{"start":{"line":88,"column":2},"end":{"line":88,"column":20}},"32":{"start":{"line":92,"column":21},"end":{"line":92,"column":69}},"33":{"start":{"line":94,"column":2},"end":{"line":96,"column":null}},"34":{"start":{"line":95,"column":4},"end":{"line":95,"column":24}},"35":{"start":{"line":98,"column":2},"end":{"line":98,"column":20}},"36":{"start":{"line":102,"column":27},"end":{"line":110,"column":2}},"37":{"start":{"line":112,"column":0},"end":{"line":112,"column":34}}},"fnMap":{"0":{"name":"getAddressFromCEP","decl":{"start":{"line":9,"column":15},"end":{"line":9,"column":32}},"loc":{"start":{"line":9,"column":44},"end":{"line":27,"column":1}}},"1":{"name":"getOneWithAddressByUserId","decl":{"start":{"line":29,"column":15},"end":{"line":29,"column":40}},"loc":{"start":{"line":29,"column":55},"end":{"line":41,"column":1}}},"2":{"name":"getFirstAddress","decl":{"start":{"line":45,"column":9},"end":{"line":45,"column":24}},"loc":{"start":{"line":45,"column":46},"end":{"line":49,"column":1}}},"3":{"name":"createOrUpdateEnrollmentWithAddress","decl":{"start":{"line":53,"column":15},"end":{"line":53,"column":50}},"loc":{"start":{"line":53,"column":94},"end":{"line":66,"column":1}}},"4":{"name":"getAddressForUpsert","decl":{"start":{"line":68,"column":9},"end":{"line":68,"column":28}},"loc":{"start":{"line":68,"column":57},"end":{"line":73,"column":1}}},"5":{"name":"getEnrollmentByUserId","decl":{"start":{"line":79,"column":15},"end":{"line":79,"column":36}},"loc":{"start":{"line":79,"column":51},"end":{"line":89,"column":1}}},"6":{"name":"getEnrollmentById","decl":{"start":{"line":91,"column":15},"end":{"line":91,"column":32}},"loc":{"start":{"line":91,"column":43},"end":{"line":99,"column":1}}}},"branchMap":{"0":{"loc":{"start":{"line":12,"column":2},"end":{"line":14,"column":null}},"type":"if","locations":[{"start":{"line":12,"column":2},"end":{"line":14,"column":null}}]},"1":{"loc":{"start":{"line":12,"column":6},"end":{"line":12,"column":38}},"type":"binary-expr","locations":[{"start":{"line":12,"column":6},"end":{"line":12,"column":18}},{"start":{"line":12,"column":22},"end":{"line":12,"column":38}}]},"2":{"loc":{"start":{"line":32,"column":2},"end":{"line":32,"column":52}},"type":"if","locations":[{"start":{"line":32,"column":2},"end":{"line":32,"column":52}}]},"3":{"loc":{"start":{"line":39,"column":8},"end":{"line":39,"column":32}},"type":"binary-expr","locations":[{"start":{"line":39,"column":8},"end":{"line":39,"column":17}},{"start":{"line":39,"column":21},"end":{"line":39,"column":32}}]},"4":{"loc":{"start":{"line":46,"column":2},"end":{"line":46,"column":33}},"type":"if","locations":[{"start":{"line":46,"column":2},"end":{"line":46,"column":33}}]},"5":{"loc":{"start":{"line":71,"column":8},"end":{"line":71,"column":74}},"type":"binary-expr","locations":[{"start":{"line":71,"column":8},"end":{"line":71,"column":30}},{"start":{"line":71,"column":34},"end":{"line":71,"column":74}}]},"6":{"loc":{"start":{"line":83,"column":2},"end":{"line":85,"column":null}},"type":"if","locations":[{"start":{"line":83,"column":2},"end":{"line":85,"column":null}}]},"7":{"loc":{"start":{"line":94,"column":2},"end":{"line":96,"column":null}},"type":"if","locations":[{"start":{"line":94,"column":2},"end":{"line":96,"column":null}}]}},"s":{"0":1,"1":1,"2":1,"3":1,"4":1,"5":0,"6":0,"7":0,"8":0,"9":0,"10":0,"11":0,"12":0,"13":0,"14":0,"15":0,"16":0,"17":0,"18":0,"19":0,"20":0,"21":0,"22":0,"23":0,"24":0,"25":0,"26":0,"27":0,"28":6,"29":6,"30":0,"31":6,"32":0,"33":0,"34":0,"35":0,"36":1,"37":1},"f":{"0":0,"1":0,"2":0,"3":0,"4":0,"5":6,"6":0},"b":{"0":[0],"1":[0,0],"2":[0],"3":[0,0],"4":[0],"5":[0,0],"6":[0],"7":[0]}}
[...]
ce\\index.ts": {"path":"D:\\Arquivos Locais\\Peo\\Treinamento\\Driven\\modulo5\\T9\\Semana4\\Projeto\\Drivent4\\src\\services\\users-service\\index.ts","statementMap":{"0":{"start":{"line":2,"column":0},"end":{"line":2,"column":28}},"1":{"start":{"line":3,"column":0},"end":{"line":3,"column":46}},"2":{"start":{"line":4,"column":0},"end":{"line":4,"column":48}},"3":{"start":{"line":5,"column":0},"end":{"line":5,"column":60}},"4":{"start":{"line":6,"column":0},"end":{"line":6,"column":60}},"5":{"start":{"line":9,"column":2},"end":{"line":9,"column":26}},"6":{"start":{"line":11,"column":2},"end":{"line":11,"column":41}},"7":{"start":{"line":13,"column":25},"end":{"line":13,"column":56}},"8":{"start":{"line":14,"column":2},"end":{"line":17,"column":5}},"9":{"start":{"line":8,"column":0},"end":{"line":8,"column":7}},"10":{"start":{"line":21,"column":28},"end":{"line":21,"column":67}},"11":{"start":{"line":22,"column":2},"end":{"line":24,"column":null}},"12":{"start":{"line":23,"column":4},"end":{"line":23,"column":33}},"13":{"start":{"line":28,"column":20},"end":{"line":28,"column":62}},"14":{"start":{"line":29,"column":2},"end":{"line":31,"column":null}},"15":{"start":{"line":30,"column":4},"end":{"line":30,"column":45}},"16":{"start":{"line":36,"column":20},"end":{"line":38,"column":2}},"17":{"start":{"line":40,"column":0},"end":{"line":40,"column":25}},"18":{"start":{"line":41,"column":0},"end":{"line":41,"column":27}}},"fnMap":{"0":{"name":"createUser","decl":{"start":{"line":8,"column":22},"end":{"line":8,"column":32}},"loc":{"start":{"line":8,"column":70},"end":{"line":18,"column":1}}},"1":{"name":"validateUniqueEmailOrFail","decl":{"start":{"line":20,"column":15},"end":{"line":20,"column":40}},"loc":{"start":{"line":20,"column":54},"end":{"line":25,"column":1}}},"2":{"name":"canEnrollOrFail","decl":{"start":{"line":27,"column":15},"end":{"line":27,"column":30}},"loc":{"start":{"line":27,"column":30},"end":{"line":32,"column":1}}}},"branchMap":{"0":{"loc":{"start":{"line":22,"column":2},"end":{"line":24,"column":null}},"type":"if","locations":[{"start":{"line":22,"column":2},"end":{"line":24,"column":null}}]},"1":{"loc":{"start":{"line":29,"column":2},"end":{"line":31,"column":null}},"type":"if","locations":[{"start":{"line":29,"column":2},"end":{"line":31,"column":null}}]}},"s":{"0":1,"1":1,"2":1,"3":1,"4":1,"5":0,"6":0,"7":0,"8":0,"9":1,"10":0,"11":0,"12":0,"13":0,"14":0,"15":0,"16":1,"17":1,"18":1},"f":{"0":0,"1":0,"2":0},"b":{"0":[0],"1":[0]}}
,"D:\\Arquivos Locais\\Peo\\Treinamento\\Driven\\modulo5\\T9\\Semana4\\Projeto\\Drivent4\\src\\utils\\prisma-utils.ts": {"path":"D:\\Arquivos Locais\\Peo\\Treinamento\\Driven\\modulo5\\T9\\Semana4\\Projeto\\Drivent4\\src\\utils\\prisma-utils.ts","statementMap":{"0":{"start":{"line":2,"column":20},"end":{"line":2,"column":54}},"1":{"start":{"line":3,"column":2},"end":{"line":5,"column":null}},"2":{"start":{"line":4,"column":4},"end":{"line":4,"column":26}},"3":{"start":{"line":6,"column":2},"end":{"line":6,"column":19}},"4":{"start":{"line":1,"column":0},"end":{"line":1,"column":16}}},"fnMap":{"0":{"name":"exclude","decl":{"start":{"line":1,"column":16},"end":{"line":1,"column":23}},"loc":{"start":{"line":1,"column":73},"end":{"line":7,"column":1}}}},"branchMap":{},"s":{"0":0,"1":0,"2":0,"3":0,"4":1},"f":{"0":0},"b":{}}
,"D:\\Arquivos Locais\\Peo\\Treinamento\\Driven\\modulo5\\T9\\Semana4\\Projeto\\Drivent4\\src\\utils\\request.ts": {"path":"D:\\Arquivos Locais\\Peo\\Treinamento\\Driven\\modulo5\\T9\\Semana4\\Projeto\\Drivent4\\src\\utils\\request.ts","statementMap":{"0":{"start":{"line":1,"column":0},"end":{"line":1,"column":26}},"1":{"start":{"line":2,"column":0},"end":{"line":2,"column":40}},"2":{"start":{"line":5,"column":2},"end":{"line":12,"column":null}},"3":{"start":{"line":6,"column":19},"end":{"line":6,"column":39}},"4":{"start":{"line":7,"column":4},"end":{"line":7,"column":18}},"5":{"start":{"line":9,"column":35},"end":{"line":9,"column":49}},"6":{"start":{"line":11,"column":4},"end":{"line":11,"column":44}},"7":{"start":{"line":15,"column":13},"end":{"line":17,"column":2}}},"fnMap":{"0":{"name":"get","decl":{"start":{"line":4,"column":15},"end":{"line":4,"column":18}},"loc":{"start":{"line":4,"column":30},"end":{"line":13,"column":1}}}},"branchMap":{},"s":{"0":1,"1":1,"2":0,"3":0,"4":0,"5":0,"6":0,"7":1},"f":{"0":0},"b":{}}
,"D:\\Arquivos Locais\\Peo\\Treinamento\\Driven\\modulo5\\T9\\Semana4\\Projeto\\Drivent4\\tests\\helpers.ts": {"path":"D:\\Arquivos Locais\\Peo\\Treinamento\\Driven\\modulo5\\T9\\Semana4\\Projeto\\Drivent4\\tests\\helpers.ts","statementMap":{"0":{"start":{"line":1,"column":0},"end":{"line":1,"column":36}},"1":{"start":{"line":4,"column":0},"end":{"line":4,"column":41}},"2":{"start":{"line":5,"column":0},"end":{"line":5,"column":61}},"3":{"start":{"line":6,"column":0},"end":{"line":6,"column":34}},"4":{"start":{"line":9,"column":2},"end":{"line":9,"column":38}},"5":{"start":{"line":10,"column":2},"end":{"line":10,"column":38}},"6":{"start":{"line":11,"column":2},"end":{"line":11,"column":37}},"7":{"start":{"line":12,"column":2},"end":{"line":12,"column":41}},"8":{"start":{"line":13,"column":2},"end":{"line":13,"column":36}},"9":{"start":{"line":14,"column":2},"end":{"line":14,"column":38}},"10":{"start":{"line":15,"column":2},"end":{"line":15,"column":38}},"11":{"start":{"line":16,"column":2},"end":{"line":16,"column":35}},"12":{"start":{"line":17,"column":2},"end":{"line":17,"column":41}},"13":{"start":{"line":18,"column":2},"end":{"line":18,"column":35}},"14":{"start":{"line":19,"column":2},"end":{"line":19,"column":36}},"15":{"start":{"line":8,"column":0},"end":{"line":8,"column":7}},"16":{"start":{"line":23,"column":23},"end":{"line":23,"column":51}},"17":{"start":{"line":24,"column":16},"end":{"line":24,"column":77}},"18":{"start":{"line":26,"column":2},"end":{"line":26,"column":29}},"19":{"start":{"line":28,"column":2},"end":{"line":28,"column":15}},"20":{"start":{"line":22,"column":0},"end":{"line":22,"column":7}}},"fnMap":{"0":{"name":"cleanDb","decl":{"start":{"line":8,"column":22},"end":{"line":8,"column":29}},"loc":{"start":{"line":8,"column":29},"end":{"line":20,"column":1}}},"1":{"name":"generateValidToken","decl":{"start":{"line":22,"column":22},"end":{"line":22,"column":40}},"loc":{"start":{"line":22,"column":52},"end":{"line":29,"column":1}}}},"branchMap":{"0":{"loc":{"start":{"line":23,"column":23},"end":{"line":23,"column":51}},"type":"binary-expr","locations":[{"start":{"line":23,"column":23},"end":{"line":23,"column":27}},{"start":{"line":23,"column":32},"end":{"line":23,"column":50}}]}},"s":{"0":1,"1":1,"2":1,"3":1,"4":9,"5":9,"6":9,"7":9,"8":9,"9":9,"10":9,"11":9,"12":9,"13":9,"14":9,"15":1,"16":6,"17":6,"18":6,"19":6,"20":1},"f":{"0":9,"1":6},"b":{"0":[6,0]}}
,"D:\\Arquivos Locais\\Peo\\Treinamento\\Driven\\modulo5\\T9\\Semana4\\Projeto\\Drivent4\\tests\\factories\\bookings-factory.ts": {"path":"D:\\Arquivos Locais\\Peo\\Treinamento\\Driven\\modulo5\\T9\\Semana4\\Projeto\\Drivent4\\tests\\factories\\bookings-factory.ts","statementMap":{"0":{"start":{"line":3,"column":0},"end":{"line":3,"column":34}},"1":{"start":{"line":6,"column":2},"end":{"line":11,"column":5}},"2":{"start":{"line":5,"column":0},"end":{"line":5,"column":7}}},"fnMap":{"0":{"name":"createBooking","decl":{"start":{"line":5,"column":22},"end":{"line":5,"column":35}},"loc":{"start":{"line":5,"column":66},"end":{"line":12,"column":1}}}},"branchMap":{},"s":{"0":1,"1":1,"2":1},"f":{"0":1},"b":{}}
,"D:\\Arquivos Locais\\Peo\\Treinamento\\Driven\\modulo5\\T9\\Semana4\\Projeto\\Drivent4\\tests\\factories\\enrollments-factory.ts": {"path":"D:\\Arquivos Locais\\Peo\\Treinamento\\Driven\\modulo5\\T9\\Semana4\\Projeto\\Drivent4\\tests\\factories\\enrollments-factory.ts","statementMap":{"0":{"start":{"line":1,"column":0},"end":{"line":1,"column":36}},"1":{"start":{"line":2,"column":0},"end":{"line":2,"column":74}},"2":{"start":{"line":5,"column":0},"end":{"line":5,"column":45}},"3":{"start":{"line":6,"column":0},"end":{"line":6,"column":34}},"4":{"start":{"line":9,"column":23},"end":{"line":9,"column":51}},"5":{"start":{"line":11,"column":2},"end":{"line":32,"column":5}},"6":{"start":{"line":8,"column":0},"end":{"line":8,"column":7}},"7":{"start":{"line":36,"column":2},"end":{"line":42,"column":4}},"8":{"start":{"line":35,"column":0},"end":{"line":35,"column":16}}},"fnMap":{"0":{"name":"createEnrollmentWithAddress","decl":{"start":{"line":8,"column":22},"end":{"line":8,"column":49}},"loc":{"start":{"line":8,"column":61},"end":{"line":33,"column":1}}},"1":{"name":"createhAddressWithCEP","decl":{"start":{"line":35,"column":16},"end":{"line":35,"column":37}},"loc":{"start":{"line":35,"column":37},"end":{"line":43,"column":1}}}},"branchMap":{"0":{"loc":{"start":{"line":9,"column":23},"end":{"line":9,"column":51}},"type":"binary-expr","locations":[{"start":{"line":9,"column":23},"end":{"line":9,"column":27}},{"start":{"line":9,"column":32},"end":{"line":9,"column":50}}]}},"s":{"0":1,"1":1,"2":1,"3":1,"4":6,"5":6,"6":1,"7":0,"8":1},"f":{"0":6,"1":0},"b":{"0":[6,0]}}
,"D:\\Arquivos Locais\\Peo\\Treinamento\\Driven\\modulo5\\T9\\Semana4\\Projeto\\Drivent4\\tests\\factories\\events-factory.ts": {"path":"D:\\Arquivos Locais\\Peo\\Treinamento\\Driven\\modulo5\\T9\\Semana4\\Projeto\\Drivent4\\tests\\factories\\events-factory.ts","statementMap":{"0":{"start":{"line":1,"column":0},"end":{"line":1,"column":26}},"1":{"start":{"line":2,"column":0},"end":{"line":2,"column":36}},"2":{"start":{"line":4,"column":0},"end":{"line":4,"column":34}},"3":{"start":{"line":7,"column":2},"end":{"line":15,"column":5}},"4":{"start":{"line":6,"column":0},"end":{"line":6,"column":16}}},"fnMap":{"0":{"name":"createEvent","decl":{"start":{"line":6,"column":16},"end":{"line":6,"column":27}},"loc":{"start":{"line":6,"column":55},"end":{"line":16,"column":1}}}},"branchMap":{"0":{"loc":{"start":{"line":6,"column":28},"end":{"line":6,"column":55}},"type":"default-arg","locations":[{"start":{"line":6,"column":53},"end":{"line":6,"column":55}}]},"1":{"loc":{"start":{"line":9,"column":13},"end":{"line":9,"column":51}},"type":"binary-expr","locations":[{"start":{"line":9,"column":13},"end":{"line":9,"column":25}},{"start":{"line":9,"column":29},"end":{"line":9,"column":51}}]},"2":{"loc":{"start":{"line":10,"column":26},"end":{"line":10,"column":77}},"type":"binary-expr","locations":[{"start":{"line":10,"column":26},"end":{"line":10,"column":51}},{"start":{"line":10,"column":55},"end":{"line":10,"column":77}}]},"3":{"loc":{"start":{"line":11,"column":20},"end":{"line":11,"column":65}},"type":"binary-expr","locations":[{"start":{"line":11,"column":20},"end":{"line":11,"column":39}},{"start":{"line":11,"column":43},"end":{"line":11,"column":65}}]},"4":{"loc":{"start":{"line":12,"column":16},"end":{"line":12,"column":70}},"type":"binary-expr","locations":[{"start":{"line":12,"column":16},"end":{"line":12,"column":31}},{"start":{"line":12,"column":35},"end":{"line":12,"column":70}}]},"5":{"loc":{"start":{"line":13,"column":14},"end":{"line":13,"column":62}},"type":"binary-expr","locations":[{"start":{"line":13,"column":14},"end":{"line":13,"column":27}},{"start":{"line":13,"column":31},"end":{"line":13,"column":62}}]}},"s":{"0":1,"1":1,"2":1,"3":0,"4":1},"f":{"0":0},"b":{"0":[0],"1":[0,0],"2":[0,0],"3":[0,0],"4":[0,0],"5":[0,0]}}
,"D:\\Arquivos Locais\\Peo\\Treinamento\\Driven\\modulo5\\T9\\Semana4\\Projeto\\Drivent4\\tests\\factories\\hotels-factory.ts": {"path":"D:\\Arquivos Locais\\Peo\\Treinamento\\Driven\\modulo5\\T9\\Semana4\\Projeto\\Drivent4\\tests\\factories\\hotels-factory.ts","statementMap":{"0":{"start":{"line":1,"column":0},"end":{"line":1,"column":36}},"1":{"start":{"line":3,"column":0},"end":{"line":3,"column":34}},"2":{"start":{"line":6,"column":2},"end":{"line":11,"column":5}},"3":{"start":{"line":5,"column":0},"end":{"line":5,"column":7}}},"fnMap":{"0":{"name":"createHotels","decl":{"start":{"line":5,"column":22},"end":{"line":5,"column":34}},"loc":{"start":{"line":5,"column":34},"end":{"line":12,"column":1}}}},"branchMap":{},"s":{"0":1,"1":1,"2":4,"3":1},"f":{"0":4},"b":{}}
,"D:\\Arquivos Locais\\Peo\\Treinamento\\Driven\\modulo5\\T9\\Semana4\\Projeto\\Drivent4\\tests\\factories\\index.ts": {"path":"D:\\Arquivos Locais\\Peo\\Treinamento\\Driven\\modulo5\\T9\\Semana4\\Projeto\\Drivent4\\tests\\factories\\index.ts","statementMap":{"0":{"start":{"line":1,"column":0},"end":{"line":1,"column":32}},"1":{"start":{"line":2,"column":0},"end":{"line":2,"column":33}},"2":{"start":{"line":3,"column":0},"end":{"line":3,"column":35}},"3":{"start":{"line":4,"column":0},"end":{"line":4,"column":38}},"4":{"start":{"line":5,"column":0},"end":{"line":5,"column":34}},"5":{"start":{"line":6,"column":0},"end":{"line":6,"column":35}},"6":{"start":{"line":7,"column":0},"end":{"line":7,"column":33}},"7":{"start":{"line":8,"column":0},"end":{"line":8,"column":32}},"8":{"start":{"line":9,"column":0},"end":{"line":9,"column":35}}},"fnMap":{},"branchMap":{},"s":{"0":1,"1":1,"2":1,"3":1,"4":1,"5":1,"6":1,"7":1,"8":1},"f":{},"b":{}}
,"D:\\Arquivos Locais\\Peo\\Treinamento\\Driven\\modulo5\\T9\\Semana4\\Projeto\\Drivent4\\tests\\factories\\payments-factory.ts": {"path":"D:\\Arquivos Locais\\Peo\\Treinamento\\Driven\\modulo5\\T9\\Semana4\\Projeto\\Drivent4\\tests\\factories\\payments-factory.ts","statementMap":{"0":{"start":{"line":1,"column":0},"end":{"line":1,"column":36}},"1":{"start":{"line":2,"column":0},"end":{"line":2,"column":34}},"2":{"start":{"line":5,"column":2},"end":{"line":12,"column":5}},"3":{"start":{"line":4,"column":0},"end":{"line":4,"column":7}},"4":{"start":{"line":16,"column":21},"end":{"line":16,"column":40}},"5":{"start":{"line":18,"column":2},"end":{"line":24,"column":4}},"6":{"start":{"line":15,"column":0},"end":{"line":15,"column":16}}},"fnMap":{"0":{"name":"createPayment","decl":{"start":{"line":4,"column":22},"end":{"line":4,"column":35}},"loc":{"start":{"line":4,"column":67},"end":{"line":13,"column":1}}},"1":{"name":"generateCreditCardData","decl":{"start":{"line":15,"column":16},"end":{"line":15,"column":38}},"loc":{"start":{"line":15,"column":38},"end":{"line":25,"column":1}}}},"branchMap":{},"s":{"0":1,"1":1,"2":0,"3":1,"4":0,"5":0,"6":1},"f":{"0":0,"1":0},"b":{}}
,"D:\\Arquivos Locais\\Peo\\Treinamento\\Driven\\modulo5\\T9\\Semana4\\Projeto\\Drivent4\\tests\\factories\\rooms-factory.ts": {"path":"D:\\Arquivos Locais\\Peo\\Treinamento\\Driven\\modulo5\\T9\\Semana4\\Projeto\\Drivent4\\tests\\factories\\rooms-factory.ts","statementMap":{"0":{"start":{"line":1,"column":0},"end":{"line":1,"column":36}},"1":{"start":{"line":2,"column":0},"end":{"line":2,"column":34}},"2":{"start":{"line":5,"column":2},"end":{"line":12,"column":5}},"3":{"start":{"line":4,"column":0},"end":{"line":4,"column":7}},"4":{"start":{"line":16,"column":2},"end":{"line":22,"column":5}},"5":{"start":{"line":15,"column":0},"end":{"line":15,"column":7}}},"fnMap":{"0":{"name":"createRoom","decl":{"start":{"line":4,"column":22},"end":{"line":4,"column":32}},"loc":{"start":{"line":4,"column":48},"end":{"line":13,"column":1}}},"1":{"name":"createRoomWithoutCapacity","decl":{"start":{"line":15,"column":22},"end":{"line":15,"column":47}},"loc":{"start":{"line":15,"column":63},"end":{"line":23,"column":1}}}},"branchMap":{},"s":{"0":1,"1":1,"2":3,"3":1,"4":1,"5":1},"f":{"0":3,"1":1},"b":{}}
,"D:\\Arquivos Locais\\Peo\\Treinamento\\Driven\\modulo5\\T9\\Semana4\\Projeto\\Drivent4\\tests\\factories\\sessions-factory.ts": {"path":"D:\\Arquivos Locais\\Peo\\Treinamento\\Driven\\modulo5\\T9\\Semana4\\Projeto\\Drivent4\\tests\\factories\\sessions-factory.ts","statementMap":{"0":{"start":{"line":2,"column":0},"end":{"line":2,"column":45}},"1":{"start":{"line":3,"column":0},"end":{"line":3,"column":34}},"2":{"start":{"line":6,"column":15},"end":{"line":6,"column":33}},"3":{"start":{"line":8,"column":2},"end":{"line":13,"column":5}},"4":{"start":{"line":5,"column":0},"end":{"line":5,"column":7}}},"fnMap":{"0":{"name":"createSession","decl":{"start":{"line":5,"column":22},"end":{"line":5,"column":35}},"loc":{"start":{"line":5,"column":49},"end":{"line":14,"column":1}}}},"branchMap":{},"s":{"0":1,"1":1,"2":6,"3":6,"4":1},"f":{"0":6},"b":{}}
,"D:\\Arquivos Locais\\Peo\\Treinamento\\Driven\\modulo5\\T9\\Semana4\\Projeto\\Drivent4\\tests\\factories\\tickets-factory.ts": {"path":"D:\\Arquivos Locais\\Peo\\Treinamento\\Driven\\modulo5\\T9\\Semana4\\Projeto\\Drivent4\\tests\\factories\\tickets-factory.ts","statementMap":{"0":{"start":{"line":1,"column":0},"end":{"line":1,"column":36}},"1":{"start":{"line":3,"column":0},"end":{"line":3,"column":34}},"2":{"start":{"line":6,"column":2},"end":{"line":13,"column":5}},"3":{"start":{"line":5,"column":0},"end":{"line":5,"column":7}},"4":{"start":{"line":17,"column":2},"end":{"line":23,"column":5}},"5":{"start":{"line":16,"column":0},"end":{"line":16,"column":7}},"6":{"start":{"line":27,"column":2},"end":{"line":34,"column":5}},"7":{"start":{"line":26,"column":0},"end":{"line":26,"column":7}},"8":{"start":{"line":38,"column":2},"end":{"line":45,"column":5}},"9":{"start":{"line":37,"column":0},"end":{"line":37,"column":7}},"10":{"start":{"line":49,"column":2},"end":{"line":56,"column":null}},"11":{"start":{"line":48,"column":0},"end":{"line":48,"column":7}}},"fnMap":{"0":{"name":"createTicketType","decl":{"start":{"line":5,"column":22},"end":{"line":5,"column":38}},"loc":{"start":{"line":5,"column":38},"end":{"line":14,"column":1}}},"1":{"name":"createTicket","decl":{"start":{"line":16,"column":22},"end":{"line":16,"column":34}},"loc":{"start":{"line":16,"column":99},"end":{"line":24,"column":1}}},"2":{"name":"createRemoteTicketType","decl":{"start":{"line":26,"column":22},"end":{"line":26,"column":44}},"loc":{"start":{"line":26,"column":44},"end":{"line":35,"column":1}}},"3":{"name":"createNotIncludedHotelTicketType","decl":{"start":{"line":37,"column":22},"end":{"line":37,"column":54}},"loc":{"start":{"line":37,"column":54},"end":{"line":46,"column":1}}},"4":{"name":"createIncludedHotelTicketType","decl":{"start":{"line":48,"column":22},"end":{"line":48,"column":51}},"loc":{"start":{"line":48,"column":51},"end":{"line":57,"column":1}}}},"branchMap":{},"s":{"0":1,"1":1,"2":1,"3":1,"4":8,"5":1,"6":1,"7":1,"8":1,"9":1,"10":3,"11":1},"f":{"0":1,"1":8,"2":1,"3":1,"4":3},"b":{}}
,"D:\\Arquivos Locais\\Peo\\Treinamento\\Driven\\modulo5\\T9\\Semana4\\Projeto\\Drivent4\\tests\\factories\\users-factory.ts": {"path":"D:\\Arquivos Locais\\Peo\\Treinamento\\Driven\\modulo5\\T9\\Semana4\\Projeto\\Drivent4\\tests\\factories\\users-factory.ts","statementMap":{"0":{"start":{"line":1,"column":0},"end":{"line":1,"column":28}},"1":{"start":{"line":2,"column":0},"end":{"line":2,"column":36}},"2":{"start":{"line":4,"column":0},"end":{"line":4,"column":34}},"3":{"start":{"line":7,"column":27},"end":{"line":7,"column":72}},"4":{"start":{"line":8,"column":25},"end":{"line":8,"column":64}},"5":{"start":{"line":10,"column":2},"end":{"line":15,"column":5}},"6":{"start":{"line":6,"column":0},"end":{"line":6,"column":7}}},"fnMap":{"0":{"name":"createUser","decl":{"start":{"line":6,"column":22},"end":{"line":6,"column":32}},"loc":{"start":{"line":6,"column":59},"end":{"line":16,"column":1}}}},"branchMap":{"0":{"loc":{"start":{"line":6,"column":33},"end":{"line":6,"column":59}},"type":"default-arg","locations":[{"start":{"line":6,"column":57},"end":{"line":6,"column":59}}]},"1":{"loc":{"start":{"line":7,"column":27},"end":{"line":7,"column":72}},"type":"binary-expr","locations":[{"start":{"line":7,"column":27},"end":{"line":7,"column":42}},{"start":{"line":7,"column":46},"end":{"line":7,"column":72}}]},"2":{"loc":{"start":{"line":12,"column":13},"end":{"line":12,"column":51}},"type":"binary-expr","locations":[{"start":{"line":12,"column":13},"end":{"line":12,"column":25}},{"start":{"line":12,"column":29},"end":{"line":12,"column":51}}]}},"s":{"0":1,"1":1,"2":1,"3":13,"4":13,"5":13,"6":1},"f":{"0":13},"b":{"0":[13],"1":[13,13],"2":[13,13]}}
}
