TN:
SF:src\app.ts
FN:26,(anonymous_1)
FN:37,init
FN:42,close
FNF:3
FNH:2
FNDA:1,(anonymous_1)
FNDA:11,init
FNDA:0,close
DA:1,11
DA:2,11
DA:3,11
DA:4,11
DA:6,11
DA:8,11
DA:10,11
DA:11,11
DA:22,11
DA:23,11
DA:26,1
DA:37,11
DA:38,11
DA:39,11
DA:42,11
DA:43,0
DA:46,11
LF:17
LH:16
BRF:0
BRH:0
end_of_record
TN:
SF:src\config\database.ts
FN:4,connectDb
FN:8,disconnectDB
FNF:2
FNH:1
FNDA:11,connectDb
FNDA:0,disconnectDB
DA:1,14
DA:4,14
DA:5,11
DA:8,14
DA:9,0
LF:5
LH:4
BRF:0
BRH:0
end_of_record
TN:
SF:src\config\envs.ts
FN:4,loadEnv
FNF:1
FNH:1
FNDA:25,loadEnv
DA:1,14
DA:2,14
DA:4,14
DA:6,25
DA:12,25
DA:13,25
LF:6
LH:6
BRDA:6,0,0,25
BRDA:6,0,1,0
BRDA:8,1,0,0
BRDA:8,1,1,0
BRF:4
BRH:1
end_of_record
TN:
SF:src\config\index.ts
FNF:0
FNH:0
DA:1,14
DA:2,14
LF:2
LH:2
BRF:0
BRH:0
end_of_record
TN:
SF:src\controllers\authentication-controller.ts
FN:5,singInPost
FNF:1
FNH:1
FNDA:5,singInPost
DA:2,11
DA:3,11
DA:5,11
DA:6,5
DA:8,5
DA:9,5
DA:11,3
DA:13,2
LF:8
LH:8
BRF:0
BRH:0
end_of_record
TN:
SF:src\controllers\bookings-controller.ts
FN:6,createBooking
FN:26,getBooking
FN:44,updateBooking
FNF:3
FNH:3
FNDA:7,createBooking
FNDA:3,getBooking
FNDA:6,updateBooking
DA:1,11
DA:3,11
DA:6,11
DA:7,7
DA:8,7
DA:9,7
DA:10,7
DA:11,2
DA:13,2
DA:15,5
DA:17,1
DA:19,4
DA:21,0
DA:26,11
DA:27,3
DA:28,3
DA:29,3
DA:31,2
DA:33,1
DA:37,1
DA:39,0
DA:44,11
DA:45,6
DA:46,6
DA:47,6
DA:48,6
DA:49,6
DA:50,2
DA:52,2
DA:54,4
DA:56,1
DA:58,3
DA:60,0
DA:65,11
LF:34
LH:31
BRDA:15,0,0,1
BRDA:15,0,1,4
BRDA:15,0,2,0
BRDA:33,1,0,1
BRDA:33,1,1,0
BRDA:54,2,0,1
BRDA:54,2,1,3
BRDA:54,2,2,0
BRF:8
BRH:5
end_of_record
TN:
SF:src\controllers\enrollments-controller.ts
FN:6,getEnrollmentByUser
FN:18,postCreateOrUpdateEnrollment
FN:32,getAddressFromCEP
FNF:3
FNH:3
FNDA:2,getEnrollmentByUser
FNDA:2,postCreateOrUpdateEnrollment
FNDA:2,getAddressFromCEP
DA:2,11
DA:4,11
DA:6,11
DA:7,2
DA:9,2
DA:10,2
DA:12,1
DA:14,1
DA:18,11
DA:19,2
DA:20,2
DA:25,2
DA:27,0
DA:28,0
DA:32,11
DA:33,2
DA:35,2
DA:36,2
DA:37,1
DA:39,1
DA:40,1
LF:21
LH:19
BRDA:39,0,0,1
BRF:1
BRH:1
end_of_record
TN:
SF:src\controllers\events-controller.ts
FN:5,getDefaultEvent
FNF:1
FNH:1
FNDA:2,getDefaultEvent
DA:2,11
DA:3,11
DA:5,11
DA:6,2
DA:7,2
DA:8,1
DA:10,1
LF:7
LH:7
BRF:0
BRH:0
end_of_record
TN:
SF:src\controllers\hotels-controller.ts
FN:6,getAll
FN:24,getHotel
FNF:2
FNH:2
FNDA:7,getAll
FNDA:7,getHotel
DA:1,11
DA:3,11
DA:6,11
DA:7,7
DA:8,7
DA:9,7
DA:11,2
DA:13,5
DA:15,2
DA:17,3
DA:19,0
DA:24,11
DA:25,7
DA:26,7
DA:27,7
DA:28,7
DA:30,2
DA:32,5
DA:34,2
DA:36,3
DA:38,0
DA:43,11
LF:22
LH:20
BRDA:13,0,0,2
BRDA:13,0,1,3
BRDA:13,0,2,0
BRDA:32,1,0,2
BRDA:32,1,1,3
BRDA:32,1,2,0
BRF:6
BRH:4
end_of_record
TN:
SF:src\controllers\index.ts
FNF:0
FNH:0
DA:1,11
DA:2,11
DA:3,11
DA:4,11
DA:5,11
DA:6,11
DA:7,11
DA:8,11
LF:8
LH:8
BRF:0
BRH:0
end_of_record
TN:
SF:src\controllers\payments-controller.ts
FN:6,getPayments
FN:26,createPayment
FNF:2
FNH:2
FNDA:4,getPayments
FNDA:5,createPayment
DA:1,11
DA:3,11
DA:6,11
DA:7,4
DA:8,4
DA:9,4
DA:10,4
DA:11,1
DA:13,3
DA:15,1
DA:17,1
DA:19,1
DA:21,0
DA:26,11
DA:27,5
DA:28,5
DA:29,5
DA:31,5
DA:32,5
DA:33,3
DA:35,2
DA:37,1
DA:39,0
DA:41,1
DA:43,0
DA:44,0
DA:49,11
LF:27
LH:23
BRDA:13,0,0,1
BRDA:13,0,1,1
BRDA:13,0,2,1
BRDA:13,0,3,0
BRDA:35,1,0,1
BRDA:35,1,1,0
BRDA:35,1,2,1
BRDA:35,1,3,0
BRF:8
BRH:5
end_of_record
TN:
SF:src\controllers\tickets-controller.ts
FN:6,getTicketTypes
FN:23,getAllUserTickets
FN:39,createUserTicket
FNF:3
FNH:3
FNDA:2,getTicketTypes
FNDA:3,getAllUserTickets
FNDA:3,createUserTicket
DA:1,11
DA:3,11
DA:6,11
DA:7,2
DA:8,2
DA:10,2
DA:12,0
DA:14,0
DA:15,0
DA:17,0
DA:18,0
DA:23,11
DA:24,3
DA:25,3
DA:26,3
DA:28,1
DA:30,2
DA:32,2
DA:34,0
DA:39,11
DA:40,3
DA:41,3
DA:42,3
DA:43,3
DA:45,2
DA:47,1
DA:49,1
DA:51,0
LF:28
LH:21
BRDA:12,0,0,0
BRDA:12,0,1,0
BRDA:30,1,0,2
BRDA:30,1,1,0
BRDA:47,2,0,1
BRDA:47,2,1,0
BRF:6
BRH:2
end_of_record
TN:
SF:src\controllers\users-controller.ts
FN:5,usersPost
FNF:1
FNH:1
FNDA:6,usersPost
DA:2,11
DA:3,11
DA:5,11
DA:6,6
DA:8,6
DA:9,6
DA:10,3
DA:15,3
DA:16,1
DA:18,2
LF:10
LH:10
BRDA:15,0,0,1
BRF:1
BRH:1
end_of_record
TN:
SF:src\errors\cannot-enroll-before-start-date-error.ts
FN:3,cannotEnrollBeforeStartDateError
FNF:1
FNH:1
FNDA:2,cannotEnrollBeforeStartDateError
DA:3,11
DA:4,2
LF:2
LH:2
BRF:0
BRH:0
end_of_record
TN:
SF:src\errors\cep-invalid-error.ts
FN:3,cepInvalidError
FNF:1
FNH:0
FNDA:0,cepInvalidError
DA:3,11
DA:4,0
LF:2
LH:1
BRF:0
BRH:0
end_of_record
TN:
SF:src\errors\conflict-error.ts
FN:3,conflictError
FNF:1
FNH:0
FNDA:0,conflictError
DA:3,11
DA:4,0
LF:2
LH:1
BRF:0
BRH:0
end_of_record
TN:
SF:src\errors\forbidden-error.ts
FN:3,Forbidden
FNF:1
FNH:0
FNDA:0,Forbidden
DA:3,11
DA:4,0
LF:2
LH:1
BRF:0
BRH:0
end_of_record
TN:
SF:src\errors\index.ts
FNF:0
FNH:0
DA:1,11
DA:2,11
DA:3,11
DA:4,11
DA:5,11
DA:6,11
DA:7,11
DA:8,11
LF:8
LH:8
BRF:0
BRH:0
end_of_record
TN:
SF:src\errors\invalid-data-error.ts
FN:3,invalidDataError
FNF:1
FNH:1
FNDA:10,invalidDataError
DA:3,11
DA:4,10
LF:2
LH:2
BRF:0
BRH:0
end_of_record
TN:
SF:src\errors\invalid-email-error.ts
FN:3,invalidEmailError
FNF:1
FNH:0
FNDA:0,invalidEmailError
DA:3,11
DA:4,0
LF:2
LH:1
BRF:0
BRH:0
end_of_record
TN:
SF:src\errors\not-found-error.ts
FN:3,notFoundError
FNF:1
FNH:1
FNDA:3,notFoundError
DA:3,11
DA:4,3
LF:2
LH:2
BRF:0
BRH:0
end_of_record
TN:
SF:src\errors\request-error.ts
FN:3,requestError
FNF:1
FNH:1
FNDA:1,requestError
DA:3,11
DA:4,1
LF:2
LH:2
BRF:0
BRH:0
end_of_record
TN:
SF:src\errors\unauthorized-error.ts
FN:3,unauthorizedError
FNF:1
FNH:1
FNDA:34,unauthorizedError
DA:3,11
DA:4,34
LF:2
LH:2
BRF:0
BRH:0
end_of_record
TN:
SF:src\middlewares\authentication-middleware.ts
FN:8,authenticateToken
FN:33,generateUnauthorizedResponse
FNF:2
FNH:2
FNDA:91,authenticateToken
FNDA:34,generateUnauthorizedResponse
DA:2,11
DA:3,11
DA:5,11
DA:6,11
DA:8,11
DA:9,91
DA:10,91
DA:12,79
DA:13,79
DA:15,79
DA:16,79
DA:18,67
DA:23,67
DA:25,57
DA:27,57
DA:29,12
DA:34,34
LF:17
LH:17
BRDA:10,0,0,12
BRDA:13,1,0,0
BRDA:23,2,0,10
BRF:3
BRH:2
end_of_record
TN:
SF:src\middlewares\error-handling-middleware.ts
FN:5,handleApplicationErrors
FNF:1
FNH:0
FNDA:0,handleApplicationErrors
DA:2,11
DA:5,11
DA:6,0
DA:7,0
DA:12,0
DA:13,0
DA:18,0
DA:19,0
DA:24,0
DA:25,0
DA:30,0
DA:31,0
DA:37,0
DA:38,0
LF:14
LH:2
BRDA:6,0,0,0
BRDA:12,1,0,0
BRDA:12,2,0,0
BRDA:12,2,1,0
BRDA:18,3,0,0
BRDA:24,4,0,0
BRDA:30,5,0,0
BRF:7
BRH:0
end_of_record
TN:
SF:src\middlewares\index.ts
FNF:0
FNH:0
DA:1,11
DA:2,11
DA:3,11
LF:3
LH:3
BRF:0
BRH:0
end_of_record
TN:
SF:src\middlewares\validation-middleware.ts
FN:6,validateBody
FN:10,validateParams
FN:14,validate
FN:15,(anonymous_4)
FN:23,(anonymous_5)
FNF:5
FNH:4
FNDA:66,validateBody
FNDA:0,validateParams
FNDA:66,validate
FNDA:38,(anonymous_4)
FNDA:27,(anonymous_5)
DA:2,11
DA:4,11
DA:6,11
DA:7,66
DA:10,11
DA:11,0
DA:15,66
DA:16,38
DA:20,38
DA:21,28
DA:23,27
LF:11
LH:10
BRDA:20,0,0,28
BRDA:20,0,1,10
BRF:2
BRH:2
end_of_record
TN:
SF:src\repositories\address-repository\index.ts
FN:4,upsert
FNF:1
FNH:1
FNDA:2,upsert
DA:2,11
DA:5,2
DA:20,11
DA:24,11
LF:4
LH:4
BRF:0
BRH:0
end_of_record
TN:
SF:src\repositories\booking-repository\index.ts
FN:4,createBooking
FN:10,getNumberOfRoomBooking
FN:18,getBooking
FN:30,getBookingById
FN:38,updateBooking
FNF:5
FNH:5
FNDA:2,createBooking
FNDA:6,getNumberOfRoomBooking
FNDA:3,getBooking
FNDA:11,getBookingById
FNDA:2,updateBooking
DA:2,11
DA:5,2
DA:11,6
DA:19,3
DA:31,11
DA:39,2
DA:51,11
LF:7
LH:7
BRF:0
BRH:0
end_of_record
TN:
SF:src\repositories\enrollment-repository\index.ts
FN:4,findWithAddressByUserId
FN:13,upsert
FN:27,getIdEnrollmentByUserId
FN:38,getEnrollmentById
FNF:4
FNH:4
FNDA:2,findWithAddressByUserId
FNDA:2,upsert
FNDA:27,getIdEnrollmentByUserId
FNDA:6,getEnrollmentById
DA:2,11
DA:5,2
DA:18,2
DA:28,27
DA:39,6
DA:49,11
DA:56,11
LF:7
LH:7
BRF:0
BRH:0
end_of_record
TN:
SF:src\repositories\event-repository\index.ts
FN:3,findFirst
FNF:1
FNH:1
FNDA:11,findFirst
DA:1,11
DA:4,11
DA:7,11
DA:11,11
LF:4
LH:4
BRF:0
BRH:0
end_of_record
TN:
SF:src\repositories\hotels-repository\index.ts
FN:3,getAll
FN:7,getHotelById
FNF:2
FNH:2
FNDA:3,getAll
FNDA:3,getHotelById
DA:1,11
DA:4,3
DA:8,3
DA:18,11
DA:23,11
LF:5
LH:5
BRF:0
BRH:0
end_of_record
TN:
SF:src\repositories\payments-repository\index.ts
FN:4,getALl
FN:12,createPayment
FN:23,getTicketPayment
FNF:3
FNH:2
FNDA:0,getALl
FNDA:3,createPayment
FNDA:1,getTicketPayment
DA:2,11
DA:5,0
DA:13,3
DA:24,1
DA:36,11
DA:42,11
LF:6
LH:5
BRF:0
BRH:0
end_of_record
TN:
SF:src\repositories\rooms-repository\index.ts
FN:4,getRoomById
FNF:1
FNH:1
FNDA:13,getRoomById
DA:2,11
DA:5,13
DA:12,11
LF:3
LH:3
BRF:0
BRH:0
end_of_record
TN:
SF:src\repositories\session-repository\index.ts
FN:4,create
FNF:1
FNH:1
FNDA:5,create
DA:2,11
DA:5,5
DA:10,11
DA:14,11
LF:4
LH:4
BRF:0
BRH:0
end_of_record
TN:
SF:src\repositories\tickets-repository\index.ts
FN:5,getAllTicketTypes
FN:9,getTicketById
FN:17,getTicketTypeById
FN:25,getAllUserTickets
FN:40,createUserTickets
FN:50,setTicketAsPaid
FNF:6
FNH:6
FNDA:2,getAllTicketTypes
FNDA:8,getTicketById
FNDA:13,getTicketTypeById
FNDA:24,getAllUserTickets
FNDA:2,createUserTickets
FNDA:3,setTicketAsPaid
DA:2,11
DA:6,2
DA:10,8
DA:18,13
DA:26,24
DA:41,2
DA:51,3
DA:63,11
DA:72,11
LF:9
LH:9
BRF:0
BRH:0
end_of_record
TN:
SF:src\repositories\user-repository\index.ts
FN:4,findByEmail
FN:18,create
FNF:2
FNH:2
FNDA:16,findByEmail
FNDA:5,create
DA:2,11
DA:5,16
DA:11,16
DA:12,9
DA:15,16
DA:19,5
DA:24,11
DA:29,11
LF:8
LH:8
BRDA:11,0,0,9
BRF:1
BRH:1
end_of_record
TN:
SF:src\routers\authentication-router.ts
FNF:0
FNH:0
DA:1,11
DA:2,11
DA:3,11
DA:4,11
DA:6,11
DA:8,11
DA:10,11
LF:7
LH:7
BRF:0
BRH:0
end_of_record
TN:
SF:src\routers\booking-router.ts
FNF:0
FNH:0
DA:1,11
DA:2,11
DA:3,11
DA:4,11
DA:8,11
DA:10,11
DA:16,11
LF:7
LH:7
BRF:0
BRH:0
end_of_record
TN:
SF:src\routers\enrollments-router.ts
FNF:0
FNH:0
DA:1,11
DA:2,11
DA:3,11
DA:4,11
DA:6,11
DA:8,11
DA:14,11
LF:7
LH:7
BRF:0
BRH:0
end_of_record
TN:
SF:src\routers\events-router.ts
FNF:0
FNH:0
DA:1,11
DA:2,11
DA:4,11
DA:6,11
DA:8,11
LF:5
LH:5
BRF:0
BRH:0
end_of_record
TN:
SF:src\routers\hotels-router.ts
FNF:0
FNH:0
DA:1,11
DA:2,11
DA:3,11
DA:5,11
DA:7,11
DA:9,11
LF:6
LH:6
BRF:0
BRH:0
end_of_record
TN:
SF:src\routers\index.ts
FNF:0
FNH:0
DA:1,11
DA:2,11
DA:3,11
DA:4,11
DA:5,11
DA:6,11
DA:7,11
DA:8,11
LF:8
LH:8
BRF:0
BRH:0
end_of_record
TN:
SF:src\routers\payments-router.ts
FNF:0
FNH:0
DA:1,11
DA:2,11
DA:3,11
DA:4,11
DA:6,11
DA:8,11
DA:13,11
LF:7
LH:7
BRF:0
BRH:0
end_of_record
TN:
SF:src\routers\tickets-router.ts
FNF:0
FNH:0
DA:1,11
DA:2,11
DA:3,11
DA:4,11
DA:6,11
DA:8,11
DA:14,11
LF:7
LH:7
BRF:0
BRH:0
end_of_record
TN:
SF:src\routers\users-router.ts
FNF:0
FNH:0
DA:1,11
DA:3,11
DA:4,11
DA:5,11
DA:7,11
DA:9,11
DA:11,11
LF:7
LH:7
BRF:0
BRH:0
end_of_record
TN:
SF:src\schemas\authentication-schemas.ts
FNF:0
FNH:0
DA:1,14
DA:4,14
LF:2
LH:2
BRF:0
BRH:0
end_of_record
TN:
SF:src\schemas\booking-schemas.ts
FNF:0
FNH:0
DA:1,14
DA:4,14
LF:2
LH:2
BRF:0
BRH:0
end_of_record
TN:
SF:src\schemas\enrollments-schemas.ts
FN:23,(anonymous_1)
FN:30,joiCpfValidation
FN:40,JoiCepValidation
FN:50,joiMobilePhoneValidation
FNF:4
FNH:4
FNDA:378,(anonymous_1)
FNDA:29,joiCpfValidation
FNDA:19,JoiCepValidation
FNDA:23,joiMobilePhoneValidation
DA:1,14
DA:2,14
DA:5,14
DA:7,14
DA:9,14
DA:11,14
DA:23,378
DA:31,29
DA:33,29
DA:34,1
DA:37,28
DA:41,19
DA:43,19
DA:44,1
DA:47,18
DA:51,23
DA:53,23
DA:54,0
DA:57,23
LF:19
LH:18
BRDA:31,0,0,0
BRDA:33,1,0,1
BRDA:41,2,0,0
BRDA:43,3,0,1
BRDA:51,4,0,0
BRDA:53,5,0,0
BRF:6
BRH:2
end_of_record
TN:
SF:src\schemas\index.ts
FNF:0
FNH:0
DA:1,14
DA:2,14
DA:3,14
DA:4,14
DA:5,14
DA:6,14
LF:6
LH:6
BRF:0
BRH:0
end_of_record
TN:
SF:src\schemas\payments-schemas.ts
FNF:0
FNH:0
DA:1,14
DA:4,14
LF:2
LH:2
BRF:0
BRH:0
end_of_record
TN:
SF:src\schemas\tickets-schemas.ts
FNF:0
FNH:0
DA:1,14
DA:4,14
DA:12,14
LF:3
LH:3
BRF:0
BRH:0
end_of_record
TN:
SF:src\schemas\users-schemas.ts
FNF:0
FNH:0
DA:1,14
DA:4,14
LF:2
LH:2
BRF:0
BRH:0
end_of_record
TN:
SF:src\services\authentication-service\errors.ts
FN:3,invalidCredentialsError
FNF:1
FNH:1
FNDA:6,invalidCredentialsError
DA:3,11
DA:4,6
LF:2
LH:2
BRF:0
BRH:0
end_of_record
TN:
SF:src\services\authentication-service\index.ts
FN:9,signIn
FN:24,getUserOrFail
FN:31,createSession
FN:41,validatePasswordOrFail
FNF:4
FNH:4
FNDA:9,signIn
FNDA:9,getUserOrFail
FNDA:5,createSession
FNDA:7,validatePasswordOrFail
DA:2,11
DA:3,11
DA:4,11
DA:5,11
DA:6,11
DA:7,11
DA:10,9
DA:12,9
DA:14,7
DA:16,5
DA:18,5
DA:25,9
DA:26,9
DA:28,7
DA:32,5
DA:33,5
DA:38,5
DA:42,7
DA:43,7
DA:55,11
DA:59,11
DA:60,11
LF:22
LH:22
BRDA:26,0,0,2
BRDA:43,1,0,2
BRF:2
BRH:2
end_of_record
TN:
SF:src\services\bookings-service\index.ts
FN:10,createBooking
FN:20,getBooking
FN:29,validateTicketsForBookingBusinessRules
FN:44,validateBookingIdExists
FN:53,validateBookingBelongsToUser
FN:62,validateRoomBusinessRules
FN:76,getNumberOfRoomBooking
FN:85,updateBooking
FNF:8
FNH:8
FNDA:7,createBooking
FNDA:3,getBooking
FNDA:7,validateTicketsForBookingBusinessRules
FNDA:6,validateBookingIdExists
FNDA:5,validateBookingBelongsToUser
FNDA:7,validateRoomBusinessRules
FNDA:6,getNumberOfRoomBooking
FNDA:6,updateBooking
DA:1,11
DA:2,11
DA:3,11
DA:4,11
DA:5,11
DA:6,11
DA:11,7
DA:12,3
DA:13,2
DA:17,2
DA:21,3
DA:23,3
DA:24,1
DA:26,2
DA:30,7
DA:31,6
DA:32,6
DA:33,6
DA:34,6
DA:35,6
DA:37,6
DA:38,3
DA:41,3
DA:45,6
DA:47,6
DA:48,1
DA:50,5
DA:54,5
DA:55,5
DA:57,5
DA:58,1
DA:63,7
DA:64,7
DA:65,1
DA:68,6
DA:70,6
DA:71,2
DA:73,4
DA:77,6
DA:79,6
DA:80,4
DA:82,2
DA:86,6
DA:87,5
DA:88,4
DA:90,2
DA:93,11
LF:47
LH:47
BRDA:23,0,0,1
BRDA:35,1,0,6
BRDA:35,1,1,4
BRDA:35,1,2,3
BRDA:37,2,0,3
BRDA:47,3,0,1
BRDA:57,4,0,1
BRDA:64,5,0,1
BRDA:70,6,0,2
BRDA:79,7,0,4
BRF:10
BRH:10
end_of_record
TN:
SF:src\services\enrollments-service\index.ts
FN:9,getAddressFromCEP
FN:29,getOneWithAddressByUserId
FN:45,getFirstAddress
FN:53,createOrUpdateEnrollmentWithAddress
FN:68,getAddressForUpsert
FN:75,getEnrollmentByUserId
FN:80,getEnrollmentById
FNF:7
FNH:7
FNDA:4,getAddressFromCEP
FNDA:2,getOneWithAddressByUserId
FNDA:1,getFirstAddress
FNDA:2,createOrUpdateEnrollmentWithAddress
FNDA:2,getAddressForUpsert
FNDA:27,getEnrollmentByUserId
FNDA:6,getEnrollmentById
DA:2,11
DA:3,11
DA:4,11
DA:5,11
DA:6,11
DA:10,4
DA:12,4
DA:13,1
DA:16,3
DA:18,3
DA:26,3
DA:30,2
DA:32,2
DA:34,1
DA:35,1
DA:37,1
DA:46,1
DA:48,1
DA:54,2
DA:55,2
DA:57,2
DA:58,2
DA:60,0
DA:63,2
DA:65,2
DA:69,2
DA:76,27
DA:77,27
DA:81,6
DA:88,11
DA:96,11
LF:31
LH:30
BRDA:12,0,0,1
BRDA:12,1,0,4
BRDA:12,1,1,3
BRDA:32,2,0,1
BRDA:39,3,0,1
BRDA:39,3,1,1
BRDA:46,4,0,0
BRDA:71,5,0,2
BRDA:71,5,1,2
BRF:9
BRH:8
end_of_record
TN:
SF:src\services\events-service\index.ts
FN:7,getFirstEvent
FN:16,isCurrentEventActive
FNF:2
FNH:2
FNDA:2,getFirstEvent
FNDA:9,isCurrentEventActive
DA:2,11
DA:3,11
DA:4,11
DA:5,11
DA:8,2
DA:9,2
DA:11,1
DA:17,9
DA:18,9
DA:20,8
DA:21,8
DA:22,8
DA:24,8
DA:27,11
DA:32,11
LF:15
LH:15
BRDA:9,0,0,1
BRDA:18,1,0,1
BRDA:24,2,0,8
BRDA:24,2,1,7
BRF:4
BRH:4
end_of_record
TN:
SF:src\services\hotels-service\index.ts
FN:7,getAll
FN:19,getHotelById
FN:28,verifyUserTickets
FNF:3
FNH:3
FNDA:7,getAll
FNDA:7,getHotelById
FNDA:14,verifyUserTickets
DA:1,11
DA:2,11
DA:3,11
DA:4,11
DA:5,11
DA:8,7
DA:10,3
DA:12,3
DA:13,1
DA:16,2
DA:20,7
DA:21,3
DA:22,3
DA:23,1
DA:25,2
DA:29,14
DA:31,12
DA:32,0
DA:40,12
DA:44,12
DA:45,6
DA:48,6
DA:51,11
DA:55,11
LF:24
LH:23
BRDA:12,0,0,1
BRDA:22,1,0,1
BRDA:31,2,0,0
BRDA:40,3,0,12
BRDA:40,3,1,6
BRDA:40,3,2,6
BRDA:44,4,0,6
BRF:7
BRH:6
end_of_record
TN:
SF:src\services\payments-service\errors.ts
FN:3,paymentNotFound
FNF:1
FNH:0
FNDA:0,paymentNotFound
DA:3,11
DA:4,0
LF:2
LH:1
BRF:0
BRH:0
end_of_record
TN:
SF:src\services\payments-service\index.ts
FN:6,getAll
FN:38,createPayment
FNF:2
FNH:2
FNDA:4,getAll
FNDA:5,createPayment
DA:1,11
DA:2,11
DA:3,11
DA:4,11
DA:7,4
DA:8,1
DA:11,3
DA:13,3
DA:14,1
DA:17,2
DA:19,2
DA:20,1
DA:23,1
DA:25,1
DA:35,1
DA:39,5
DA:41,5
DA:42,1
DA:44,4
DA:45,4
DA:47,4
DA:48,0
DA:51,4
DA:53,4
DA:54,1
DA:56,3
DA:63,3
DA:64,3
DA:65,3
DA:78,11
DA:83,11
LF:31
LH:30
BRDA:7,0,0,1
BRDA:13,1,0,1
BRDA:19,2,0,1
BRDA:41,3,0,1
BRDA:47,4,0,0
BRDA:53,5,0,1
BRF:6
BRH:5
end_of_record
TN:
SF:src\services\rooms-service\index.ts
FN:4,getRoomById
FN:8,getNumberOfRoomVacancies
FNF:2
FNH:2
FNDA:7,getRoomById
FNDA:6,getNumberOfRoomVacancies
DA:1,11
DA:2,11
DA:5,7
DA:9,6
DA:10,6
DA:11,6
DA:12,6
DA:15,11
LF:8
LH:8
BRF:0
BRH:0
end_of_record
TN:
SF:src\services\tickets-service\index.ts
FN:9,getAll
FN:15,getTicketById
FN:19,getAllUserTickets
FN:30,getTicketTypeById
FN:34,createUserTickets
FN:71,setTicketAsPaid
FNF:6
FNH:6
FNDA:2,getAll
FNDA:8,getTicketById
FNDA:24,getAllUserTickets
FNDA:13,getTicketTypeById
FNDA:3,createUserTickets
FNDA:3,setTicketAsPaid
DA:1,11
DA:2,11
DA:3,11
DA:4,11
DA:6,11
DA:7,11
DA:10,2
DA:12,2
DA:16,8
DA:20,24
DA:21,24
DA:23,24
DA:24,5
DA:27,19
DA:31,13
DA:35,3
DA:36,3
DA:38,3
DA:39,1
DA:42,2
DA:48,2
DA:50,2
DA:68,2
DA:72,3
DA:81,11
DA:92,11
LF:26
LH:26
BRDA:23,0,0,5
BRDA:23,1,0,24
BRDA:23,1,1,19
BRDA:38,2,0,1
BRDA:38,3,0,3
BRDA:38,3,1,2
BRF:6
BRH:6
end_of_record
TN:
SF:src\services\users-service\errors.ts
FN:3,duplicatedEmailError
FNF:1
FNH:1
FNDA:4,duplicatedEmailError
DA:3,11
DA:4,4
LF:2
LH:2
BRF:0
BRH:0
end_of_record
TN:
SF:src\services\users-service\index.ts
FN:8,createUser
FN:20,validateUniqueEmailOrFail
FN:27,canEnrollOrFail
FNF:3
FNH:3
FNDA:9,createUser
FNDA:7,validateUniqueEmailOrFail
FNDA:9,canEnrollOrFail
DA:2,11
DA:3,11
DA:4,11
DA:5,11
DA:6,11
DA:8,11
DA:9,9
DA:11,7
DA:13,5
DA:14,5
DA:21,7
DA:22,7
DA:23,2
DA:28,9
DA:29,9
DA:30,2
DA:36,11
DA:40,11
DA:41,11
LF:19
LH:19
BRDA:22,0,0,2
BRDA:29,1,0,2
BRF:2
BRH:2
end_of_record
TN:
SF:src\utils\prisma-utils.ts
FN:1,exclude
FNF:1
FNH:1
FNDA:12,exclude
DA:1,11
DA:2,12
DA:3,12
DA:4,18
DA:6,12
LF:5
LH:5
BRF:0
BRH:0
end_of_record
TN:
SF:src\utils\request.ts
FN:4,get
FNF:1
FNH:1
FNDA:4,get
DA:1,11
DA:2,11
DA:5,4
DA:6,4
DA:7,3
DA:9,1
DA:11,1
DA:15,11
LF:8
LH:8
BRF:0
BRH:0
end_of_record
TN:
SF:tests\helpers.ts
FN:8,cleanDb
FN:22,generateValidToken
FNF:2
FNH:2
FNDA:87,cleanDb
FNDA:57,generateValidToken
DA:1,10
DA:4,10
DA:5,10
DA:6,10
DA:8,10
DA:9,87
DA:10,87
DA:11,87
DA:12,87
DA:13,87
DA:14,87
DA:15,87
DA:16,87
DA:17,87
DA:18,87
DA:19,87
DA:22,10
DA:23,57
DA:24,57
DA:26,57
DA:28,57
LF:21
LH:21
BRDA:23,0,0,57
BRDA:23,0,1,10
BRF:2
BRH:2
end_of_record
TN:
SF:tests\factories\bookings-factory.ts
FN:4,createBooking
FNF:1
FNH:1
FNDA:15,createBooking
DA:2,10
DA:4,10
DA:5,15
LF:3
LH:3
BRF:0
BRH:0
end_of_record
TN:
SF:tests\factories\enrollments-factory.ts
FN:8,createEnrollmentWithAddress
FN:35,createhAddressWithCEP
FNF:2
FNH:2
FNDA:42,createEnrollmentWithAddress
FNDA:1,createhAddressWithCEP
DA:1,10
DA:2,10
DA:5,10
DA:6,10
DA:8,10
DA:9,42
DA:11,42
DA:35,10
DA:36,1
LF:9
LH:9
BRDA:9,0,0,42
BRDA:9,0,1,0
BRF:2
BRH:1
end_of_record
TN:
SF:tests\factories\events-factory.ts
FN:6,createEvent
FNF:1
FNH:1
FNDA:4,createEvent
DA:1,10
DA:2,10
DA:4,10
DA:6,10
DA:7,4
LF:5
LH:5
BRDA:6,0,0,3
BRDA:9,1,0,4
BRDA:9,1,1,4
BRDA:10,2,0,4
BRDA:10,2,1,4
BRDA:11,3,0,4
BRDA:11,3,1,4
BRDA:12,4,0,4
BRDA:12,4,1,3
BRDA:13,5,0,4
BRDA:13,5,1,4
BRF:11
BRH:11
end_of_record
TN:
SF:tests\factories\hotels-factory.ts
FN:4,createHotels
FNF:1
FNH:1
FNDA:27,createHotels
DA:1,10
DA:2,10
DA:4,10
DA:5,27
LF:4
LH:4
BRF:0
BRH:0
end_of_record
TN:
SF:tests\factories\index.ts
FNF:0
FNH:0
DA:1,10
DA:2,10
DA:3,10
DA:4,10
DA:5,10
DA:6,10
DA:7,10
DA:8,10
DA:9,10
LF:9
LH:9
BRF:0
BRH:0
end_of_record
TN:
SF:tests\factories\payments-factory.ts
FN:4,createPayment
FN:15,generateCreditCardData
FNF:2
FNH:2
FNDA:1,createPayment
FNDA:6,generateCreditCardData
DA:1,10
DA:2,10
DA:4,10
DA:5,1
DA:15,10
DA:16,6
DA:18,6
LF:7
LH:7
BRF:0
BRH:0
end_of_record
TN:
SF:tests\factories\rooms-factory.ts
FN:4,createRoom
FN:14,createRoomId
FNF:2
FNH:2
FNDA:17,createRoom
FNDA:2,createRoomId
DA:1,10
DA:2,10
DA:4,10
DA:5,17
DA:14,10
DA:15,2
LF:6
LH:6
BRF:0
BRH:0
end_of_record
TN:
SF:tests\factories\sessions-factory.ts
FN:5,createSession
FNF:1
FNH:1
FNDA:57,createSession
DA:2,10
DA:3,10
DA:5,10
DA:6,57
DA:8,57
LF:5
LH:5
BRF:0
BRH:0
end_of_record
TN:
SF:tests\factories\tickets-factory.ts
FN:5,createTicketType
FN:16,createTicket
FN:26,createPaidTicket
FN:36,createReservedTicket
FN:46,createRemoteTicketType
FN:57,createNotIncludedHotelTicketType
FN:68,createIncludedHotelTicketType
FNF:7
FNH:7
FNDA:17,createTicketType
FNDA:25,createTicket
FNDA:10,createPaidTicket
FNDA:1,createReservedTicket
FNDA:3,createRemoteTicketType
FNDA:3,createNotIncludedHotelTicketType
FNDA:14,createIncludedHotelTicketType
DA:1,10
DA:2,10
DA:3,10
DA:5,10
DA:6,17
DA:16,10
DA:17,25
DA:26,10
DA:27,10
DA:36,10
DA:37,1
DA:46,10
DA:47,3
DA:57,10
DA:58,3
DA:68,10
DA:69,14
LF:17
LH:17
BRF:0
BRH:0
end_of_record
TN:
SF:tests\factories\users-factory.ts
FN:6,createUser
FNF:1
FNH:1
FNDA:136,createUser
DA:1,10
DA:2,10
DA:4,10
DA:6,10
DA:7,136
DA:8,136
DA:10,136
LF:7
LH:7
BRDA:6,0,0,128
BRDA:7,1,0,136
BRDA:7,1,1,128
BRDA:12,2,0,136
BRDA:12,2,1,128
BRF:5
BRH:5
end_of_record
