TN:
SF:src\app.ts
FN:26,(anonymous_1)
FN:37,init
FN:42,close
FNF:3
FNH:1
FNDA:0,(anonymous_1)
FNDA:1,init
FNDA:0,close
DA:1,1
DA:2,1
DA:3,1
DA:4,1
DA:6,1
DA:8,1
DA:10,1
DA:11,1
DA:22,1
DA:23,1
DA:26,0
DA:37,1
DA:38,1
DA:39,1
DA:42,1
DA:43,0
DA:46,1
LF:17
LH:15
BRF:0
BRH:0
end_of_record
TN:
SF:src\config\database.ts
FN:4,connectDb
FN:8,disconnectDB
FNF:2
FNH:1
FNDA:1,connectDb
FNDA:0,disconnectDB
DA:1,1
DA:4,1
DA:5,1
DA:8,1
DA:9,0
LF:5
LH:4
BRF:0
BRH:0
end_of_record
TN:
SF:src\config\envs.ts
FN:4,loadEnv
FNF:1
FNH:1
FNDA:2,loadEnv
DA:1,1
DA:2,1
DA:4,1
DA:6,2
DA:12,2
DA:13,2
LF:6
LH:6
BRDA:6,0,0,2
BRDA:6,0,1,0
BRDA:8,1,0,0
BRDA:8,1,1,0
BRF:4
BRH:1
end_of_record
TN:
SF:src\config\index.ts
FNF:0
FNH:0
DA:1,1
DA:2,1
LF:2
LH:2
BRF:0
BRH:0
end_of_record
TN:
SF:src\controllers\authentication-controller.ts
FN:5,singInPost
FNF:1
FNH:0
FNDA:0,singInPost
DA:2,1
DA:3,1
DA:5,1
DA:6,0
DA:8,0
DA:9,0
DA:11,0
DA:13,0
LF:8
LH:3
BRF:0
BRH:0
end_of_record
TN:
SF:src\controllers\bookings-controller.ts
FN:7,getBooking
FN:27,createBooking
FN:53,changeBooking
FNF:3
FNH:1
FNDA:0,getBooking
FNDA:6,createBooking
FNDA:0,changeBooking
DA:2,1
DA:5,1
DA:28,6
DA:30,6
DA:32,6
DA:33,6
DA:34,1
DA:35,1
DA:38,5
DA:40,1
DA:42,0
DA:44,0
DA:46,4
DA:48,0
DA:75,1
LF:15
LH:12
BRDA:38,0,0,1
BRDA:38,0,1,0
BRDA:38,0,2,0
BRDA:38,0,3,4
BRDA:38,0,4,0
BRF:5
BRH:2
end_of_record
TN:
SF:src\controllers\enrollments-controller.ts
FN:6,getEnrollmentByUser
FN:18,postCreateOrUpdateEnrollment
FN:31,getAddressFromCEP
FNF:3
FNH:0
FNDA:0,getEnrollmentByUser
FNDA:0,postCreateOrUpdateEnrollment
FNDA:0,getAddressFromCEP
DA:2,1
DA:4,1
DA:6,1
DA:7,0
DA:9,0
DA:10,0
DA:12,0
DA:14,0
DA:18,1
DA:19,0
DA:20,0
DA:25,0
DA:27,0
DA:31,1
DA:32,0
DA:34,0
DA:35,0
DA:36,0
DA:38,0
DA:39,0
LF:20
LH:5
BRDA:38,0,0,0
BRF:1
BRH:0
end_of_record
TN:
SF:src\controllers\events-controller.ts
FN:5,getDefaultEvent
FNF:1
FNH:0
FNDA:0,getDefaultEvent
DA:2,1
DA:3,1
DA:5,1
DA:6,0
DA:7,0
DA:8,0
DA:10,0
LF:7
LH:3
BRF:0
BRH:0
end_of_record
TN:
SF:src\controllers\hotels-controller.ts
FN:8,getHotels
FN:30,getRoomsHotel
FNF:2
FNH:0
FNDA:0,getHotels
FNDA:0,getRoomsHotel
DA:2,1
DA:5,1
DA:9,0
DA:11,0
DA:13,0
DA:14,0
DA:17,0
DA:19,0
DA:21,0
DA:23,0
DA:25,0
DA:31,0
DA:33,0
DA:35,0
DA:36,0
DA:38,0
DA:42,0
DA:44,0
DA:46,0
DA:48,0
DA:50,0
DA:55,1
LF:22
LH:3
BRDA:17,0,0,0
BRDA:17,0,1,0
BRDA:17,0,2,0
BRDA:17,0,3,0
BRDA:42,1,0,0
BRDA:42,1,1,0
BRDA:42,1,2,0
BRDA:42,1,3,0
BRF:8
BRH:0
end_of_record
TN:
SF:src\controllers\index.ts
FNF:0
FNH:0
DA:1,1
DA:2,1
DA:3,1
DA:4,1
DA:5,1
DA:6,1
DA:7,1
DA:8,1
LF:8
LH:8
BRF:0
BRH:0
end_of_record
TN:
SF:src\controllers\payments-controller.ts
FN:7,createPaymentProcess
FN:38,getPaymentsProcess
FNF:2
FNH:0
FNDA:0,createPaymentProcess
FNDA:0,getPaymentsProcess
DA:3,1
DA:5,1
DA:9,0
DA:11,0
DA:13,0
DA:16,0
DA:17,0
DA:20,0
DA:22,0
DA:24,0
DA:26,0
DA:28,0
DA:30,0
DA:32,0
DA:38,1
DA:39,0
DA:41,0
DA:43,0
DA:46,0
DA:47,0
DA:50,0
DA:52,0
DA:54,0
DA:56,0
DA:58,0
DA:60,0
DA:62,0
DA:68,1
LF:28
LH:4
BRDA:16,0,0,0
BRDA:16,1,0,0
BRDA:16,1,1,0
BRDA:24,2,0,0
BRDA:24,2,1,0
BRDA:24,2,2,0
BRDA:24,2,3,0
BRDA:46,3,0,0
BRDA:54,4,0,0
BRDA:54,4,1,0
BRDA:54,4,2,0
BRDA:54,4,3,0
BRF:12
BRH:0
end_of_record
TN:
SF:src\controllers\tickets-controller.ts
FN:7,getTicketsType
FN:18,createTiket
FN:43,getTiketsByUser
FNF:3
FNH:0
FNDA:0,getTicketsType
FNDA:0,createTiket
FNDA:0,getTiketsByUser
DA:2,1
DA:3,1
DA:7,1
DA:9,0
DA:10,0
DA:12,0
DA:14,0
DA:18,1
DA:21,0
DA:23,0
DA:25,0
DA:26,0
DA:27,0
DA:29,0
DA:32,0
DA:35,0
DA:36,0
DA:37,0
DA:38,0
DA:43,1
DA:46,0
DA:48,0
DA:49,0
DA:50,0
DA:54,0
DA:56,0
DA:58,0
LF:27
LH:5
BRDA:32,0,0,0
BRDA:54,1,0,0
BRDA:54,1,1,0
BRF:3
BRH:0
end_of_record
TN:
SF:src\controllers\users-controller.ts
FN:5,usersPost
FNF:1
FNH:0
FNDA:0,usersPost
DA:2,1
DA:3,1
DA:5,1
DA:6,0
DA:8,0
DA:9,0
DA:10,0
DA:15,0
DA:16,0
DA:18,0
LF:10
LH:3
BRDA:15,0,0,0
BRF:1
BRH:0
end_of_record
TN:
SF:src\errors\bad-request-error.ts
FN:3,badRequestError
FNF:1
FNH:0
FNDA:0,badRequestError
DA:3,1
DA:4,0
LF:2
LH:1
BRF:0
BRH:0
end_of_record
TN:
SF:src\errors\cannot-enroll-before-start-date-error.ts
FN:3,cannotEnrollBeforeStartDateError
FNF:1
FNH:0
FNDA:0,cannotEnrollBeforeStartDateError
DA:3,1
DA:4,0
LF:2
LH:1
BRF:0
BRH:0
end_of_record
TN:
SF:src\errors\conflict-error.ts
FN:3,conflictError
FNF:1
FNH:0
FNDA:0,conflictError
DA:3,1
DA:4,0
LF:2
LH:1
BRF:0
BRH:0
end_of_record
TN:
SF:src\errors\forbidden-error.ts
FN:3,forbiddenError
FNF:1
FNH:0
FNDA:0,forbiddenError
DA:3,1
DA:4,0
LF:2
LH:1
BRF:0
BRH:0
end_of_record
TN:
SF:src\errors\index.ts
FNF:0
FNH:0
DA:1,1
DA:2,1
DA:3,1
DA:4,1
DA:5,1
DA:6,1
DA:7,1
DA:8,1
DA:9,1
DA:10,1
LF:10
LH:10
BRF:0
BRH:0
end_of_record
TN:
SF:src\errors\invalid-data-error.ts
FN:3,invalidDataError
FNF:1
FNH:0
FNDA:0,invalidDataError
DA:3,1
DA:4,0
LF:2
LH:1
BRF:0
BRH:0
end_of_record
TN:
SF:src\errors\invalid-email-error.ts
FN:3,invalidEmailError
FNF:1
FNH:0
FNDA:0,invalidEmailError
DA:3,1
DA:4,0
LF:2
LH:1
BRF:0
BRH:0
end_of_record
TN:
SF:src\errors\not-found-error.ts
FN:3,notFoundError
FNF:1
FNH:0
FNDA:0,notFoundError
DA:3,1
DA:4,0
LF:2
LH:1
BRF:0
BRH:0
end_of_record
TN:
SF:src\errors\payment-required-error.ts
FN:3,paymentNotFound
FNF:1
FNH:0
FNDA:0,paymentNotFound
DA:3,1
DA:4,0
LF:2
LH:1
BRF:0
BRH:0
end_of_record
TN:
SF:src\errors\request-error.ts
FN:3,requestError
FNF:1
FNH:0
FNDA:0,requestError
DA:3,1
DA:4,0
LF:2
LH:1
BRF:0
BRH:0
end_of_record
TN:
SF:src\errors\unauthorized-error.ts
FN:3,unauthorizedError
FNF:1
FNH:1
FNDA:3,unauthorizedError
DA:3,1
DA:4,3
LF:2
LH:2
BRF:0
BRH:0
end_of_record
TN:
SF:src\middlewares\authentication-middleware.ts
FN:8,authenticateToken
FN:33,generateUnauthorizedResponse
FNF:2
FNH:2
FNDA:9,authenticateToken
FNDA:3,generateUnauthorizedResponse
DA:2,1
DA:3,1
DA:5,1
DA:6,1
DA:8,1
DA:9,9
DA:10,9
DA:12,8
DA:13,8
DA:15,8
DA:16,8
DA:18,7
DA:23,7
DA:25,6
DA:27,6
DA:29,1
DA:34,3
LF:17
LH:17
BRDA:10,0,0,1
BRDA:13,1,0,0
BRDA:23,2,0,1
BRF:3
BRH:2
end_of_record
TN:
SF:src\middlewares\error-handling-middleware.ts
FN:5,handleApplicationErrors
FNF:1
FNH:0
FNDA:0,handleApplicationErrors
DA:2,1
DA:5,1
DA:11,0
DA:12,0
DA:17,0
DA:18,0
DA:23,0
DA:24,0
DA:29,0
DA:30,0
DA:35,0
DA:36,0
DA:42,0
DA:43,0
DA:47,0
DA:48,0
LF:16
LH:2
BRDA:11,0,0,0
BRDA:17,1,0,0
BRDA:17,2,0,0
BRDA:17,2,1,0
BRDA:23,3,0,0
BRDA:29,4,0,0
BRDA:35,5,0,0
BRDA:42,6,0,0
BRF:8
BRH:0
end_of_record
TN:
SF:src\middlewares\index.ts
FNF:0
FNH:0
DA:1,1
DA:2,1
DA:3,1
LF:3
LH:3
BRF:0
BRH:0
end_of_record
TN:
SF:src\middlewares\validation-middleware.ts
FN:6,validateBody
FN:10,validateParams
FN:14,validate
FN:15,(anonymous_4)
FN:23,(anonymous_5)
FNF:5
FNH:3
FNDA:5,validateBody
FNDA:0,validateParams
FNDA:5,validate
FNDA:6,(anonymous_4)
FNDA:0,(anonymous_5)
DA:2,1
DA:4,1
DA:6,1
DA:7,5
DA:10,1
DA:11,0
DA:15,5
DA:16,6
DA:20,6
DA:21,6
DA:23,0
LF:11
LH:9
BRDA:20,0,0,6
BRDA:20,0,1,0
BRF:2
BRH:1
end_of_record
TN:
SF:src\repositories\address-repository\index.ts
FN:4,upsert
FNF:1
FNH:0
FNDA:0,upsert
DA:2,1
DA:5,0
DA:20,1
DA:24,1
LF:4
LH:3
BRF:0
BRH:0
end_of_record
TN:
SF:src\repositories\bookings-repository\index.ts
FN:5,getCountBookingRoom
FN:13,createBooking
FNF:2
FNH:2
FNDA:2,getCountBookingRoom
FNDA:1,createBooking
DA:1,1
DA:6,2
DA:14,1
DA:22,1
LF:4
LH:4
BRF:0
BRH:0
end_of_record
TN:
SF:src\repositories\enrollment-repository\index.ts
FN:4,findWithAddressByUserId
FN:13,getEnrollmentByUserId
FN:19,upsert
FN:37,getEnrollmentById
FNF:4
FNH:1
FNDA:0,findWithAddressByUserId
FNDA:6,getEnrollmentByUserId
FNDA:0,upsert
FNDA:0,getEnrollmentById
DA:2,1
DA:5,0
DA:14,6
DA:24,0
DA:38,0
DA:44,1
DA:52,1
LF:7
LH:4
BRF:0
BRH:0
end_of_record
TN:
SF:src\repositories\event-repository\index.ts
FN:3,findFirst
FNF:1
FNH:0
FNDA:0,findFirst
DA:1,1
DA:4,0
DA:7,1
DA:11,1
LF:4
LH:3
BRF:0
BRH:0
end_of_record
TN:
SF:src\repositories\hotel-repository\index.ts
FN:4,getHotels
FN:9,getRoomsHotel
FN:22,getHotelById
FN:31,getRoomById
FNF:4
FNH:1
FNDA:0,getHotels
FNDA:0,getRoomsHotel
FNDA:0,getHotelById
FNDA:3,getRoomById
DA:1,1
DA:5,0
DA:6,0
DA:10,0
DA:18,0
DA:23,0
DA:28,0
DA:32,3
DA:37,3
DA:40,1
DA:47,1
LF:11
LH:5
BRF:0
BRH:0
end_of_record
TN:
SF:src\repositories\payment-repository\index.ts
FN:7,createPaymentProcess
FN:22,getPaymentsProcess
FNF:2
FNH:0
FNDA:0,createPaymentProcess
FNDA:0,getPaymentsProcess
DA:2,1
DA:8,0
DA:15,0
DA:37,0
DA:44,1
DA:49,1
LF:6
LH:3
BRF:0
BRH:0
end_of_record
TN:
SF:src\repositories\session-repository\index.ts
FN:4,create
FNF:1
FNH:0
FNDA:0,create
DA:2,1
DA:5,0
DA:10,1
DA:14,1
LF:4
LH:3
BRF:0
BRH:0
end_of_record
TN:
SF:src\repositories\ticket-repository\index.ts
FN:5,getTicketsType
FN:9,getTicketType
FN:17,createTiket
FN:23,findTicketWithTicketTypeById
FN:52,getTiketsByUser
FN:77,findTicket
FN:85,setTicketAsPaid
FNF:7
FNH:1
FNDA:0,getTicketsType
FNDA:0,getTicketType
FNDA:0,createTiket
FNDA:0,findTicketWithTicketTypeById
FNDA:6,getTiketsByUser
FNDA:0,findTicket
FNDA:0,setTicketAsPaid
DA:2,1
DA:6,0
DA:10,0
DA:18,0
DA:24,0
DA:53,6
DA:78,0
DA:86,0
DA:97,1
DA:108,1
LF:10
LH:4
BRF:0
BRH:0
end_of_record
TN:
SF:src\repositories\user-repository\index.ts
FN:4,findByEmail
FN:18,create
FNF:2
FNH:0
FNDA:0,findByEmail
FNDA:0,create
DA:2,1
DA:5,0
DA:11,0
DA:12,0
DA:15,0
DA:19,0
DA:24,1
DA:29,1
LF:8
LH:3
BRDA:11,0,0,0
BRF:1
BRH:0
end_of_record
TN:
SF:src\routers\authentication-router.ts
FNF:0
FNH:0
DA:1,1
DA:2,1
DA:3,1
DA:4,1
DA:6,1
DA:8,1
DA:10,1
LF:7
LH:7
BRF:0
BRH:0
end_of_record
TN:
SF:src\routers\bookings-router.ts
FNF:0
FNH:0
DA:1,1
DA:2,1
DA:3,1
DA:4,1
DA:6,1
DA:8,1
DA:14,1
LF:7
LH:7
BRF:0
BRH:0
end_of_record
TN:
SF:src\routers\enrollments-router.ts
FNF:0
FNH:0
DA:1,1
DA:2,1
DA:3,1
DA:4,1
DA:6,1
DA:8,1
DA:14,1
LF:7
LH:7
BRF:0
BRH:0
end_of_record
TN:
SF:src\routers\events-router.ts
FNF:0
FNH:0
DA:1,1
DA:2,1
DA:4,1
DA:6,1
DA:8,1
LF:5
LH:5
BRF:0
BRH:0
end_of_record
TN:
SF:src\routers\hotels-router.ts
FNF:0
FNH:0
DA:1,1
DA:2,1
DA:3,1
DA:5,1
DA:7,1
DA:12,1
LF:6
LH:6
BRF:0
BRH:0
end_of_record
TN:
SF:src\routers\index.ts
FNF:0
FNH:0
DA:1,1
DA:2,1
DA:3,1
DA:4,1
DA:5,1
DA:6,1
DA:7,1
DA:8,1
LF:8
LH:8
BRF:0
BRH:0
end_of_record
TN:
SF:src\routers\payments-router.ts
FNF:0
FNH:0
DA:1,1
DA:2,1
DA:3,1
DA:6,1
DA:9,1
DA:14,1
LF:6
LH:6
BRF:0
BRH:0
end_of_record
TN:
SF:src\routers\tickets-router.ts
FNF:0
FNH:0
DA:1,1
DA:2,1
DA:3,1
DA:4,1
DA:8,1
DA:10,1
DA:11,1
DA:12,1
DA:13,1
LF:9
LH:9
BRF:0
BRH:0
end_of_record
TN:
SF:src\routers\users-router.ts
FNF:0
FNH:0
DA:1,1
DA:3,1
DA:4,1
DA:5,1
DA:7,1
DA:9,1
DA:11,1
LF:7
LH:7
BRF:0
BRH:0
end_of_record
TN:
SF:src\schemas\authentication-schemas.ts
FNF:0
FNH:0
DA:1,1
DA:4,1
LF:2
LH:2
BRF:0
BRH:0
end_of_record
TN:
SF:src\schemas\bookings-schemas.ts
FNF:0
FNH:0
DA:1,1
DA:4,1
LF:2
LH:2
BRF:0
BRH:0
end_of_record
TN:
SF:src\schemas\enrollments-schemas.ts
FN:23,(anonymous_1)
FN:30,joiCpfValidation
FN:40,JoiCepValidation
FN:50,joiMobilePhoneValidation
FNF:4
FNH:1
FNDA:27,(anonymous_1)
FNDA:0,joiCpfValidation
FNDA:0,JoiCepValidation
FNDA:0,joiMobilePhoneValidation
DA:1,1
DA:2,1
DA:5,1
DA:7,1
DA:9,1
DA:11,1
DA:23,27
DA:31,0
DA:33,0
DA:34,0
DA:37,0
DA:41,0
DA:43,0
DA:44,0
DA:47,0
DA:51,0
DA:53,0
DA:54,0
DA:57,0
LF:19
LH:7
BRDA:31,0,0,0
BRDA:33,1,0,0
BRDA:41,2,0,0
BRDA:43,3,0,0
BRDA:51,4,0,0
BRDA:53,5,0,0
BRF:6
BRH:0
end_of_record
TN:
SF:src\schemas\index.ts
FNF:0
FNH:0
DA:1,1
DA:2,1
DA:3,1
DA:4,1
LF:4
LH:4
BRF:0
BRH:0
end_of_record
TN:
SF:src\schemas\tickets-schemas.ts
FNF:0
FNH:0
DA:1,1
DA:10,1
DA:16,1
LF:3
LH:3
BRF:0
BRH:0
end_of_record
TN:
SF:src\schemas\users-schemas.ts
FNF:0
FNH:0
DA:1,1
DA:4,1
LF:2
LH:2
BRF:0
BRH:0
end_of_record
TN:
SF:src\services\authentication-service\errors.ts
FN:3,invalidCredentialsError
FNF:1
FNH:0
FNDA:0,invalidCredentialsError
DA:3,1
DA:4,0
LF:2
LH:1
BRF:0
BRH:0
end_of_record
TN:
SF:src\services\authentication-service\index.ts
FN:9,signIn
FN:24,getUserOrFail
FN:31,createSession
FN:41,validatePasswordOrFail
FNF:4
FNH:0
FNDA:0,signIn
FNDA:0,getUserOrFail
FNDA:0,createSession
FNDA:0,validatePasswordOrFail
DA:2,1
DA:3,1
DA:4,1
DA:5,1
DA:6,1
DA:7,1
DA:10,0
DA:12,0
DA:14,0
DA:16,0
DA:18,0
DA:25,0
DA:26,0
DA:28,0
DA:32,0
DA:33,0
DA:38,0
DA:42,0
DA:43,0
DA:55,1
DA:59,1
DA:60,1
LF:22
LH:9
BRDA:26,0,0,0
BRDA:43,1,0,0
BRF:2
BRH:0
end_of_record
TN:
SF:src\services\bookings-service\index.ts
FN:12,getBooking
FN:14,createBooking
FN:31,getRoomById
FN:39,verifyCapacityRoom
FN:54,changeBooking
FNF:5
FNH:3
FNDA:0,getBooking
FNDA:6,createBooking
FNDA:3,getRoomById
FNDA:2,verifyCapacityRoom
FNDA:0,changeBooking
DA:1,1
DA:3,1
DA:4,1
DA:8,1
DA:16,6
DA:19,3
DA:23,2
DA:28,1
DA:32,3
DA:34,3
DA:36,2
DA:44,2
DA:49,2
DA:51,1
DA:56,1
LF:15
LH:15
BRDA:34,0,0,1
BRDA:49,1,0,1
BRF:2
BRH:2
end_of_record
TN:
SF:src\services\enrollments-service\index.ts
FN:9,getAddressFromCEP
FN:29,getOneWithAddressByUserId
FN:45,getFirstAddress
FN:53,createOrUpdateEnrollmentWithAddress
FN:68,getAddressForUpsert
FN:79,getEnrollmentByUserId
FN:91,getEnrollmentById
FNF:7
FNH:1
FNDA:0,getAddressFromCEP
FNDA:0,getOneWithAddressByUserId
FNDA:0,getFirstAddress
FNDA:0,createOrUpdateEnrollmentWithAddress
FNDA:0,getAddressForUpsert
FNDA:6,getEnrollmentByUserId
FNDA:0,getEnrollmentById
DA:2,1
DA:3,1
DA:4,1
DA:5,1
DA:6,1
DA:10,0
DA:12,0
DA:13,0
DA:16,0
DA:18,0
DA:26,0
DA:30,0
DA:32,0
DA:34,0
DA:35,0
DA:37,0
DA:46,0
DA:48,0
DA:54,0
DA:55,0
DA:57,0
DA:58,0
DA:60,0
DA:63,0
DA:65,0
DA:69,0
DA:81,6
DA:83,6
DA:84,0
DA:88,6
DA:92,0
DA:94,0
DA:95,0
DA:98,0
DA:102,1
DA:112,1
LF:36
LH:10
BRDA:12,0,0,0
BRDA:12,1,0,0
BRDA:12,1,1,0
BRDA:32,2,0,0
BRDA:39,3,0,0
BRDA:39,3,1,0
BRDA:46,4,0,0
BRDA:71,5,0,0
BRDA:71,5,1,0
BRDA:83,6,0,0
BRDA:94,7,0,0
BRF:11
BRH:0
end_of_record
TN:
SF:src\services\events-service\index.ts
FN:7,getFirstEvent
FN:16,isCurrentEventActive
FNF:2
FNH:0
FNDA:0,getFirstEvent
FNDA:0,isCurrentEventActive
DA:2,1
DA:3,1
DA:4,1
DA:5,1
DA:8,0
DA:9,0
DA:11,0
DA:17,0
DA:18,0
DA:20,0
DA:21,0
DA:22,0
DA:24,0
DA:27,1
DA:32,1
LF:15
LH:6
BRDA:9,0,0,0
BRDA:18,1,0,0
BRDA:24,2,0,0
BRDA:24,2,1,0
BRF:4
BRH:0
end_of_record
TN:
SF:src\services\hotels-service\index.ts
FN:8,getHotels
FN:20,getHotelById
FN:30,getRoomsHotel
FN:43,checkEnrollmentAndDataTicketByUser
FNF:4
FNH:0
FNDA:0,getHotels
FNDA:0,getHotelById
FNDA:0,getRoomsHotel
FNDA:0,checkEnrollmentAndDataTicketByUser
DA:2,1
DA:3,1
DA:4,1
DA:5,1
DA:9,0
DA:11,0
DA:13,0
DA:14,0
DA:17,0
DA:21,0
DA:23,0
DA:24,0
DA:27,0
DA:31,0
DA:33,0
DA:35,0
DA:37,0
DA:38,0
DA:40,0
DA:43,1
DA:45,0
DA:47,0
DA:50,1
DA:56,1
LF:24
LH:7
BRDA:13,0,0,0
BRDA:23,1,0,0
BRDA:37,2,0,0
BRF:3
BRH:0
end_of_record
TN:
SF:src\services\payments-service\index.ts
FN:8,findTicketUser
FN:19,createPaymentProcess
FN:35,getPaymentsProcess
FNF:3
FNH:0
FNDA:0,findTicketUser
FNDA:0,createPaymentProcess
FNDA:0,getPaymentsProcess
DA:3,1
DA:4,1
DA:5,1
DA:6,1
DA:10,0
DA:12,0
DA:13,0
DA:15,0
DA:22,0
DA:24,0
DA:26,0
DA:27,0
DA:28,0
DA:30,0
DA:31,0
DA:32,0
DA:37,0
DA:39,0
DA:41,0
DA:43,0
DA:47,1
DA:52,1
LF:22
LH:6
BRDA:12,0,0,0
BRF:1
BRH:0
end_of_record
TN:
SF:src\services\tickets-service\index.ts
FN:8,getTicketsType
FN:13,getTicketType
FN:22,findTicket
FN:31,createTiket
FN:48,getTiketsByUser
FN:59,setTicketAsPaid
FN:86,checkTiketsByUser
FN:107,checkTicket
FNF:8
FNH:1
FNDA:0,getTicketsType
FNDA:0,getTicketType
FNDA:0,findTicket
FNDA:0,createTiket
FNDA:0,getTiketsByUser
FNDA:0,setTicketAsPaid
FNDA:0,checkTiketsByUser
FNDA:6,checkTicket
DA:1,1
DA:2,1
DA:3,1
DA:6,1
DA:9,0
DA:10,0
DA:14,0
DA:16,0
DA:17,0
DA:19,0
DA:23,0
DA:25,0
DA:26,0
DA:28,0
DA:32,0
DA:34,0
DA:36,0
DA:41,0
DA:43,0
DA:45,0
DA:49,0
DA:50,0
DA:52,0
DA:53,0
DA:56,0
DA:60,0
DA:87,0
DA:90,0
DA:93,0
DA:94,0
DA:98,0
DA:100,0
DA:101,0
DA:104,0
DA:109,6
DA:111,6
DA:114,6
DA:117,6
DA:118,0
DA:122,6
DA:124,6
DA:125,3
DA:128,3
DA:131,1
DA:142,1
LF:45
LH:14
BRDA:16,0,0,0
BRDA:25,1,0,0
BRDA:52,2,0,0
BRDA:90,3,0,0
BRDA:93,4,0,0
BRDA:98,5,0,0
BRDA:98,5,1,0
BRDA:98,5,2,0
BRDA:100,6,0,0
BRDA:114,7,0,0
BRDA:117,8,0,0
BRDA:122,9,0,6
BRDA:122,9,1,3
BRDA:122,9,2,3
BRDA:124,10,0,3
BRF:15
BRH:4
end_of_record
TN:
SF:src\services\users-service\errors.ts
FN:3,duplicatedEmailError
FNF:1
FNH:0
FNDA:0,duplicatedEmailError
DA:3,1
DA:4,0
LF:2
LH:1
BRF:0
BRH:0
end_of_record
TN:
SF:src\services\users-service\index.ts
FN:8,createUser
FN:20,validateUniqueEmailOrFail
FN:27,canEnrollOrFail
FNF:3
FNH:0
FNDA:0,createUser
FNDA:0,validateUniqueEmailOrFail
FNDA:0,canEnrollOrFail
DA:2,1
DA:3,1
DA:4,1
DA:5,1
DA:6,1
DA:8,1
DA:9,0
DA:11,0
DA:13,0
DA:14,0
DA:21,0
DA:22,0
DA:23,0
DA:28,0
DA:29,0
DA:30,0
DA:36,1
DA:40,1
DA:41,1
LF:19
LH:9
BRDA:22,0,0,0
BRDA:29,1,0,0
BRF:2
BRH:0
end_of_record
TN:
SF:src\utils\prisma-utils.ts
FN:1,exclude
FNF:1
FNH:0
FNDA:0,exclude
DA:1,1
DA:2,0
DA:3,0
DA:4,0
DA:6,0
LF:5
LH:1
BRF:0
BRH:0
end_of_record
TN:
SF:src\utils\request.ts
FN:4,get
FNF:1
FNH:0
FNDA:0,get
DA:1,1
DA:2,1
DA:5,0
DA:6,0
DA:7,0
DA:9,0
DA:11,0
DA:15,1
LF:8
LH:3
BRF:0
BRH:0
end_of_record
TN:
SF:tests\helpers.ts
FN:8,cleanDb
FN:22,generateValidToken
FNF:2
FNH:2
FNDA:9,cleanDb
FNDA:6,generateValidToken
DA:1,1
DA:4,1
DA:5,1
DA:6,1
DA:8,1
DA:9,9
DA:10,9
DA:11,9
DA:12,9
DA:13,9
DA:14,9
DA:15,9
DA:16,9
DA:17,9
DA:18,9
DA:19,9
DA:22,1
DA:23,6
DA:24,6
DA:26,6
DA:28,6
LF:21
LH:21
BRDA:23,0,0,6
BRDA:23,0,1,0
BRF:2
BRH:1
end_of_record
TN:
SF:tests\factories\bookings-factory.ts
FN:5,createBooking
FNF:1
FNH:1
FNDA:1,createBooking
DA:3,1
DA:5,1
DA:6,1
LF:3
LH:3
BRF:0
BRH:0
end_of_record
TN:
SF:tests\factories\enrollments-factory.ts
FN:8,createEnrollmentWithAddress
FN:35,createhAddressWithCEP
FNF:2
FNH:1
FNDA:6,createEnrollmentWithAddress
FNDA:0,createhAddressWithCEP
DA:1,1
DA:2,1
DA:5,1
DA:6,1
DA:8,1
DA:9,6
DA:11,6
DA:35,1
DA:36,0
LF:9
LH:8
BRDA:9,0,0,6
BRDA:9,0,1,0
BRF:2
BRH:1
end_of_record
TN:
SF:tests\factories\events-factory.ts
FN:6,createEvent
FNF:1
FNH:0
FNDA:0,createEvent
DA:1,1
DA:2,1
DA:4,1
DA:6,1
DA:7,0
LF:5
LH:4
BRDA:6,0,0,0
BRDA:9,1,0,0
BRDA:9,1,1,0
BRDA:10,2,0,0
BRDA:10,2,1,0
BRDA:11,3,0,0
BRDA:11,3,1,0
BRDA:12,4,0,0
BRDA:12,4,1,0
BRDA:13,5,0,0
BRDA:13,5,1,0
BRF:11
BRH:0
end_of_record
TN:
SF:tests\factories\hotels-factory.ts
FN:5,createHotels
FNF:1
FNH:1
FNDA:4,createHotels
DA:1,1
DA:3,1
DA:5,1
DA:6,4
LF:4
LH:4
BRF:0
BRH:0
end_of_record
TN:
SF:tests\factories\index.ts
FNF:0
FNH:0
DA:1,1
DA:2,1
DA:3,1
DA:4,1
DA:5,1
DA:6,1
DA:7,1
DA:8,1
DA:9,1
LF:9
LH:9
BRF:0
BRH:0
end_of_record
TN:
SF:tests\factories\payments-factory.ts
FN:4,createPayment
FN:15,generateCreditCardData
FNF:2
FNH:0
FNDA:0,createPayment
FNDA:0,generateCreditCardData
DA:1,1
DA:2,1
DA:4,1
DA:5,0
DA:15,1
DA:16,0
DA:18,0
LF:7
LH:4
BRF:0
BRH:0
end_of_record
TN:
SF:tests\factories\rooms-factory.ts
FN:4,createRoom
FN:15,createRoomWithoutCapacity
FNF:2
FNH:2
FNDA:3,createRoom
FNDA:1,createRoomWithoutCapacity
DA:1,1
DA:2,1
DA:4,1
DA:5,3
DA:15,1
DA:16,1
LF:6
LH:6
BRF:0
BRH:0
end_of_record
TN:
SF:tests\factories\sessions-factory.ts
FN:5,createSession
FNF:1
FNH:1
FNDA:6,createSession
DA:2,1
DA:3,1
DA:5,1
DA:6,6
DA:8,6
LF:5
LH:5
BRF:0
BRH:0
end_of_record
TN:
SF:tests\factories\tickets-factory.ts
FN:5,createTicketType
FN:16,createTicket
FN:26,createRemoteTicketType
FN:37,createNotIncludedHotelTicketType
FN:48,createIncludedHotelTicketType
FNF:5
FNH:5
FNDA:1,createTicketType
FNDA:8,createTicket
FNDA:1,createRemoteTicketType
FNDA:1,createNotIncludedHotelTicketType
FNDA:3,createIncludedHotelTicketType
DA:1,1
DA:3,1
DA:5,1
DA:6,1
DA:16,1
DA:17,8
DA:26,1
DA:27,1
DA:37,1
DA:38,1
DA:48,1
DA:49,3
LF:12
LH:12
BRF:0
BRH:0
end_of_record
TN:
SF:tests\factories\users-factory.ts
FN:6,createUser
FNF:1
FNH:1
FNDA:13,createUser
DA:1,1
DA:2,1
DA:4,1
DA:6,1
DA:7,13
DA:8,13
DA:10,13
LF:7
LH:7
BRDA:6,0,0,13
BRDA:7,1,0,13
BRDA:7,1,1,13
BRDA:12,2,0,13
BRDA:12,2,1,13
BRF:5
BRH:5
end_of_record
